running develop
running egg_info
creating debug_node.egg-info
writing debug_node.egg-info/PKG-INFO
writing dependency_links to debug_node.egg-info/dependency_links.txt
writing entry points to debug_node.egg-info/entry_points.txt
writing requirements to debug_node.egg-info/requires.txt
writing top-level names to debug_node.egg-info/top_level.txt
writing manifest file 'debug_node.egg-info/SOURCES.txt'
reading manifest file 'debug_node.egg-info/SOURCES.txt'
writing manifest file 'debug_node.egg-info/SOURCES.txt'
running build_ext
Creating /ros2_ws/install/debug_node/lib/python3.12/site-packages/debug-node.egg-link (link to .)
Installing debug_node script to /ros2_ws/install/debug_node/lib/debug_node

Installed /ros2_ws/build/debug_node
running symlink_data
creating /ros2_ws/install/debug_node/share/ament_index
creating /ros2_ws/install/debug_node/share/ament_index/resource_index
creating /ros2_ws/install/debug_node/share/ament_index/resource_index/packages
symbolically linking /ros2_ws/build/debug_node/resource/debug_node -> /ros2_ws/install/debug_node/share/ament_index/resource_index/packages
symbolically linking /ros2_ws/build/debug_node/package.xml -> /ros2_ws/install/debug_node/share/debug_node
