[1.271s] Invoking command in '/ros2_ws/build/debug_node': PYTHONPATH=/ros2_ws/build/debug_node/prefix_override:/usr/lib/python3/dist-packages/colcon_core/task/python/colcon_distutils_commands:/ros2_ws/install/debug_node/lib/python3.12/site-packages:${PYTHONPATH} /usr/bin/python3 -W ignore:setup.py install is deprecated -W ignore:easy_install command is deprecated setup.py develop --editable --build-directory /ros2_ws/build/debug_node/build --no-deps symlink_data
[1.506s] running develop
[1.644s] running egg_info
[1.644s] creating debug_node.egg-info
[1.657s] writing debug_node.egg-info/PKG-INFO
[1.657s] writing dependency_links to debug_node.egg-info/dependency_links.txt
[1.657s] writing entry points to debug_node.egg-info/entry_points.txt
[1.657s] writing requirements to debug_node.egg-info/requires.txt
[1.657s] writing top-level names to debug_node.egg-info/top_level.txt
[1.658s] writing manifest file 'debug_node.egg-info/SOURCES.txt'
[1.685s] reading manifest file 'debug_node.egg-info/SOURCES.txt'
[1.685s] writing manifest file 'debug_node.egg-info/SOURCES.txt'
[1.699s] running build_ext
[1.699s] Creating /ros2_ws/install/debug_node/lib/python3.12/site-packages/debug-node.egg-link (link to .)
[1.700s] Installing debug_node script to /ros2_ws/install/debug_node/lib/debug_node
[1.700s] 
[1.700s] Installed /ros2_ws/build/debug_node
[1.700s] running symlink_data
[1.700s] creating /ros2_ws/install/debug_node/share/ament_index
[1.700s] creating /ros2_ws/install/debug_node/share/ament_index/resource_index
[1.701s] creating /ros2_ws/install/debug_node/share/ament_index/resource_index/packages
[1.701s] symbolically linking /ros2_ws/build/debug_node/resource/debug_node -> /ros2_ws/install/debug_node/share/ament_index/resource_index/packages
[1.701s] symbolically linking /ros2_ws/build/debug_node/package.xml -> /ros2_ws/install/debug_node/share/debug_node
[1.739s] Invoked command in '/ros2_ws/build/debug_node' returned '0': PYTHONPATH=/ros2_ws/build/debug_node/prefix_override:/usr/lib/python3/dist-packages/colcon_core/task/python/colcon_distutils_commands:/ros2_ws/install/debug_node/lib/python3.12/site-packages:${PYTHONPATH} /usr/bin/python3 -W ignore:setup.py install is deprecated -W ignore:easy_install command is deprecated setup.py develop --editable --build-directory /ros2_ws/build/debug_node/build --no-deps symlink_data
