[0.000000] (-) TimerEvent: {}
[0.000375] (debug_node) JobQueued: {'identifier': 'debug_node', 'dependencies': OrderedDict()}
[0.000437] (gazebo_node) JobQueued: {'identifier': 'gazebo_node', 'dependencies': OrderedDict()}
[0.000475] (listener_node) JobQueued: {'identifier': 'listener_node', 'dependencies': OrderedDict()}
[0.000535] (talker_node) JobQueued: {'identifier': 'talker_node', 'dependencies': OrderedDict()}
[0.000565] (turtlebot_node) JobQueued: {'identifier': 'turtlebot_node', 'dependencies': OrderedDict()}
[0.000595] (debug_node) JobStarted: {'identifier': 'debug_node'}
[0.006411] (gazebo_node) JobStarted: {'identifier': 'gazebo_node'}
[0.010488] (listener_node) JobStarted: {'identifier': 'listener_node'}
[0.014863] (talker_node) JobStarted: {'identifier': 'talker_node'}
[0.019144] (turtlebot_node) JobStarted: {'identifier': 'turtlebot_node'}
[0.099513] (-) TimerEvent: {}
[0.199850] (-) TimerEvent: {}
[0.300120] (-) TimerEvent: {}
[0.400533] (-) TimerEvent: {}
[0.500857] (-) TimerEvent: {}
[0.601175] (-) TimerEvent: {}
[0.701466] (-) TimerEvent: {}
[0.801762] (-) TimerEvent: {}
[0.902048] (-) TimerEvent: {}
[1.002360] (-) TimerEvent: {}
[1.102661] (-) TimerEvent: {}
[1.202977] (-) TimerEvent: {}
[1.269094] (turtlebot_node) Command: {'cmd': ['/usr/bin/python3', '-W', 'ignore:setup.py install is deprecated', '-W', 'ignore:easy_install command is deprecated', 'setup.py', 'develop', '--editable', '--build-directory', '/ros2_ws/build/turtlebot_node/build', '--no-deps', 'symlink_data'], 'cwd': '/ros2_ws/build/turtlebot_node', 'env': {'GZ_CONFIG_PATH': '/opt/ros/jazzy/opt/gz_sim_vendor/share/gz:/opt/ros/jazzy/opt/sdformat_vendor/share/gz:/opt/ros/jazzy/opt/gz_gui_vendor/share/gz:/opt/ros/jazzy/opt/gz_transport_vendor/share/gz:/opt/ros/jazzy/opt/gz_rendering_vendor/share/gz:/opt/ros/jazzy/opt/gz_plugin_vendor/share/gz:/opt/ros/jazzy/opt/gz_fuel_tools_vendor/share/gz:/opt/ros/jazzy/opt/gz_msgs_vendor/share/gz:/opt/ros/jazzy/opt/gz_common_vendor/share/gz', 'HOSTNAME': 'dhyan-LOQ', 'SHLVL': '1', 'LD_LIBRARY_PATH': '/opt/ros/jazzy/opt/gz_sim_vendor/lib:/opt/ros/jazzy/opt/gz_sensors_vendor/lib:/opt/ros/jazzy/opt/gz_physics_vendor/lib:/opt/ros/jazzy/opt/sdformat_vendor/lib:/opt/ros/jazzy/opt/rviz_ogre_vendor/lib:/opt/ros/jazzy/lib/x86_64-linux-gnu:/opt/ros/jazzy/opt/gz_gui_vendor/lib:/opt/ros/jazzy/opt/gz_transport_vendor/lib:/opt/ros/jazzy/opt/gz_rendering_vendor/lib:/opt/ros/jazzy/opt/gz_plugin_vendor/lib:/opt/ros/jazzy/opt/gz_fuel_tools_vendor/lib:/opt/ros/jazzy/opt/gz_msgs_vendor/lib:/opt/ros/jazzy/opt/gz_common_vendor/lib:/opt/ros/jazzy/opt/gz_math_vendor/lib:/opt/ros/jazzy/opt/gz_utils_vendor/lib:/opt/ros/jazzy/opt/gz_tools_vendor/lib:/opt/ros/jazzy/opt/gz_ogre_next_vendor/lib:/opt/ros/jazzy/opt/gz_dartsim_vendor/lib:/opt/ros/jazzy/opt/gz_cmake_vendor/lib:/opt/ros/jazzy/lib', 'HOME': '/root', 'OLDPWD': '/ros2_ws', 'ROS_PYTHON_VERSION': '3', 'ROS_DISTRO': 'jazzy', '_': '/usr/bin/colcon', 'ROS_VERSION': '2', 'NVIDIA_DRIVER_CAPABILITIES': 'all', 'TERM': 'xterm', 'QT_X11_NO_MITSHM': '1', 'PATH': '/opt/ros/jazzy/opt/gz_msgs_vendor/bin:/opt/ros/jazzy/opt/gz_tools_vendor/bin:/opt/ros/jazzy/opt/gz_ogre_next_vendor/bin:/opt/ros/jazzy/bin:/usr/local/sbin:/usr/local/bin:/usr/sbin:/usr/bin:/sbin:/bin', 'DISPLAY': ':0', 'LANG': 'C.UTF-8', 'ROS_DOMAIN_ID': '42', 'AMENT_PREFIX_PATH': '/opt/ros/jazzy', 'DEBIAN_FRONTEND': 'noninteractive', 'ROS_AUTOMATIC_DISCOVERY_RANGE': 'SUBNET', 'PWD': '/ros2_ws/build/turtlebot_node', 'LC_ALL': 'C.UTF-8', 'PYTHONPATH': '/ros2_ws/build/turtlebot_node/prefix_override:/usr/lib/python3/dist-packages/colcon_core/task/python/colcon_distutils_commands:/ros2_ws/install/turtlebot_node/lib/python3.12/site-packages:/opt/ros/jazzy/lib/python3.12/site-packages', 'NVIDIA_VISIBLE_DEVICES': 'all', 'COLCON': '1', 'CMAKE_PREFIX_PATH': '/opt/ros/jazzy/opt/gz_sim_vendor:/opt/ros/jazzy/opt/gz_sensors_vendor:/opt/ros/jazzy/opt/gz_physics_vendor:/opt/ros/jazzy/opt/sdformat_vendor:/opt/ros/jazzy/opt/gz_gui_vendor:/opt/ros/jazzy/opt/gz_transport_vendor:/opt/ros/jazzy/opt/gz_rendering_vendor:/opt/ros/jazzy/opt/gz_plugin_vendor:/opt/ros/jazzy/opt/gz_fuel_tools_vendor:/opt/ros/jazzy/opt/gz_msgs_vendor:/opt/ros/jazzy/opt/gz_common_vendor:/opt/ros/jazzy/opt/gz_math_vendor:/opt/ros/jazzy/opt/gz_utils_vendor:/opt/ros/jazzy/opt/gz_tools_vendor:/opt/ros/jazzy/opt/gz_ogre_next_vendor:/opt/ros/jazzy/opt/gz_dartsim_vendor:/opt/ros/jazzy/opt/gz_cmake_vendor'}, 'shell': False}
[1.272706] (debug_node) Command: {'cmd': ['/usr/bin/python3', '-W', 'ignore:setup.py install is deprecated', '-W', 'ignore:easy_install command is deprecated', 'setup.py', 'develop', '--editable', '--build-directory', '/ros2_ws/build/debug_node/build', '--no-deps', 'symlink_data'], 'cwd': '/ros2_ws/build/debug_node', 'env': {'GZ_CONFIG_PATH': '/opt/ros/jazzy/opt/gz_sim_vendor/share/gz:/opt/ros/jazzy/opt/sdformat_vendor/share/gz:/opt/ros/jazzy/opt/gz_gui_vendor/share/gz:/opt/ros/jazzy/opt/gz_transport_vendor/share/gz:/opt/ros/jazzy/opt/gz_rendering_vendor/share/gz:/opt/ros/jazzy/opt/gz_plugin_vendor/share/gz:/opt/ros/jazzy/opt/gz_fuel_tools_vendor/share/gz:/opt/ros/jazzy/opt/gz_msgs_vendor/share/gz:/opt/ros/jazzy/opt/gz_common_vendor/share/gz', 'HOSTNAME': 'dhyan-LOQ', 'SHLVL': '1', 'LD_LIBRARY_PATH': '/opt/ros/jazzy/opt/gz_sim_vendor/lib:/opt/ros/jazzy/opt/gz_sensors_vendor/lib:/opt/ros/jazzy/opt/gz_physics_vendor/lib:/opt/ros/jazzy/opt/sdformat_vendor/lib:/opt/ros/jazzy/opt/rviz_ogre_vendor/lib:/opt/ros/jazzy/lib/x86_64-linux-gnu:/opt/ros/jazzy/opt/gz_gui_vendor/lib:/opt/ros/jazzy/opt/gz_transport_vendor/lib:/opt/ros/jazzy/opt/gz_rendering_vendor/lib:/opt/ros/jazzy/opt/gz_plugin_vendor/lib:/opt/ros/jazzy/opt/gz_fuel_tools_vendor/lib:/opt/ros/jazzy/opt/gz_msgs_vendor/lib:/opt/ros/jazzy/opt/gz_common_vendor/lib:/opt/ros/jazzy/opt/gz_math_vendor/lib:/opt/ros/jazzy/opt/gz_utils_vendor/lib:/opt/ros/jazzy/opt/gz_tools_vendor/lib:/opt/ros/jazzy/opt/gz_ogre_next_vendor/lib:/opt/ros/jazzy/opt/gz_dartsim_vendor/lib:/opt/ros/jazzy/opt/gz_cmake_vendor/lib:/opt/ros/jazzy/lib', 'HOME': '/root', 'OLDPWD': '/ros2_ws', 'ROS_PYTHON_VERSION': '3', 'ROS_DISTRO': 'jazzy', '_': '/usr/bin/colcon', 'ROS_VERSION': '2', 'NVIDIA_DRIVER_CAPABILITIES': 'all', 'TERM': 'xterm', 'QT_X11_NO_MITSHM': '1', 'PATH': '/opt/ros/jazzy/opt/gz_msgs_vendor/bin:/opt/ros/jazzy/opt/gz_tools_vendor/bin:/opt/ros/jazzy/opt/gz_ogre_next_vendor/bin:/opt/ros/jazzy/bin:/usr/local/sbin:/usr/local/bin:/usr/sbin:/usr/bin:/sbin:/bin', 'DISPLAY': ':0', 'LANG': 'C.UTF-8', 'ROS_DOMAIN_ID': '42', 'AMENT_PREFIX_PATH': '/opt/ros/jazzy', 'DEBIAN_FRONTEND': 'noninteractive', 'ROS_AUTOMATIC_DISCOVERY_RANGE': 'SUBNET', 'PWD': '/ros2_ws/build/debug_node', 'LC_ALL': 'C.UTF-8', 'PYTHONPATH': '/ros2_ws/build/debug_node/prefix_override:/usr/lib/python3/dist-packages/colcon_core/task/python/colcon_distutils_commands:/ros2_ws/install/debug_node/lib/python3.12/site-packages:/opt/ros/jazzy/lib/python3.12/site-packages', 'NVIDIA_VISIBLE_DEVICES': 'all', 'COLCON': '1', 'CMAKE_PREFIX_PATH': '/opt/ros/jazzy/opt/gz_sim_vendor:/opt/ros/jazzy/opt/gz_sensors_vendor:/opt/ros/jazzy/opt/gz_physics_vendor:/opt/ros/jazzy/opt/sdformat_vendor:/opt/ros/jazzy/opt/gz_gui_vendor:/opt/ros/jazzy/opt/gz_transport_vendor:/opt/ros/jazzy/opt/gz_rendering_vendor:/opt/ros/jazzy/opt/gz_plugin_vendor:/opt/ros/jazzy/opt/gz_fuel_tools_vendor:/opt/ros/jazzy/opt/gz_msgs_vendor:/opt/ros/jazzy/opt/gz_common_vendor:/opt/ros/jazzy/opt/gz_math_vendor:/opt/ros/jazzy/opt/gz_utils_vendor:/opt/ros/jazzy/opt/gz_tools_vendor:/opt/ros/jazzy/opt/gz_ogre_next_vendor:/opt/ros/jazzy/opt/gz_dartsim_vendor:/opt/ros/jazzy/opt/gz_cmake_vendor'}, 'shell': False}
[1.275807] (talker_node) Command: {'cmd': ['/usr/bin/python3', '-W', 'ignore:setup.py install is deprecated', '-W', 'ignore:easy_install command is deprecated', 'setup.py', 'develop', '--editable', '--build-directory', '/ros2_ws/build/talker_node/build', '--no-deps', 'symlink_data'], 'cwd': '/ros2_ws/build/talker_node', 'env': {'GZ_CONFIG_PATH': '/opt/ros/jazzy/opt/gz_sim_vendor/share/gz:/opt/ros/jazzy/opt/sdformat_vendor/share/gz:/opt/ros/jazzy/opt/gz_gui_vendor/share/gz:/opt/ros/jazzy/opt/gz_transport_vendor/share/gz:/opt/ros/jazzy/opt/gz_rendering_vendor/share/gz:/opt/ros/jazzy/opt/gz_plugin_vendor/share/gz:/opt/ros/jazzy/opt/gz_fuel_tools_vendor/share/gz:/opt/ros/jazzy/opt/gz_msgs_vendor/share/gz:/opt/ros/jazzy/opt/gz_common_vendor/share/gz', 'HOSTNAME': 'dhyan-LOQ', 'SHLVL': '1', 'LD_LIBRARY_PATH': '/opt/ros/jazzy/opt/gz_sim_vendor/lib:/opt/ros/jazzy/opt/gz_sensors_vendor/lib:/opt/ros/jazzy/opt/gz_physics_vendor/lib:/opt/ros/jazzy/opt/sdformat_vendor/lib:/opt/ros/jazzy/opt/rviz_ogre_vendor/lib:/opt/ros/jazzy/lib/x86_64-linux-gnu:/opt/ros/jazzy/opt/gz_gui_vendor/lib:/opt/ros/jazzy/opt/gz_transport_vendor/lib:/opt/ros/jazzy/opt/gz_rendering_vendor/lib:/opt/ros/jazzy/opt/gz_plugin_vendor/lib:/opt/ros/jazzy/opt/gz_fuel_tools_vendor/lib:/opt/ros/jazzy/opt/gz_msgs_vendor/lib:/opt/ros/jazzy/opt/gz_common_vendor/lib:/opt/ros/jazzy/opt/gz_math_vendor/lib:/opt/ros/jazzy/opt/gz_utils_vendor/lib:/opt/ros/jazzy/opt/gz_tools_vendor/lib:/opt/ros/jazzy/opt/gz_ogre_next_vendor/lib:/opt/ros/jazzy/opt/gz_dartsim_vendor/lib:/opt/ros/jazzy/opt/gz_cmake_vendor/lib:/opt/ros/jazzy/lib', 'HOME': '/root', 'OLDPWD': '/ros2_ws', 'ROS_PYTHON_VERSION': '3', 'ROS_DISTRO': 'jazzy', '_': '/usr/bin/colcon', 'ROS_VERSION': '2', 'NVIDIA_DRIVER_CAPABILITIES': 'all', 'TERM': 'xterm', 'QT_X11_NO_MITSHM': '1', 'PATH': '/opt/ros/jazzy/opt/gz_msgs_vendor/bin:/opt/ros/jazzy/opt/gz_tools_vendor/bin:/opt/ros/jazzy/opt/gz_ogre_next_vendor/bin:/opt/ros/jazzy/bin:/usr/local/sbin:/usr/local/bin:/usr/sbin:/usr/bin:/sbin:/bin', 'DISPLAY': ':0', 'LANG': 'C.UTF-8', 'ROS_DOMAIN_ID': '42', 'AMENT_PREFIX_PATH': '/opt/ros/jazzy', 'DEBIAN_FRONTEND': 'noninteractive', 'ROS_AUTOMATIC_DISCOVERY_RANGE': 'SUBNET', 'PWD': '/ros2_ws/build/talker_node', 'LC_ALL': 'C.UTF-8', 'PYTHONPATH': '/ros2_ws/build/talker_node/prefix_override:/usr/lib/python3/dist-packages/colcon_core/task/python/colcon_distutils_commands:/ros2_ws/install/talker_node/lib/python3.12/site-packages:/opt/ros/jazzy/lib/python3.12/site-packages', 'NVIDIA_VISIBLE_DEVICES': 'all', 'COLCON': '1', 'CMAKE_PREFIX_PATH': '/opt/ros/jazzy/opt/gz_sim_vendor:/opt/ros/jazzy/opt/gz_sensors_vendor:/opt/ros/jazzy/opt/gz_physics_vendor:/opt/ros/jazzy/opt/sdformat_vendor:/opt/ros/jazzy/opt/gz_gui_vendor:/opt/ros/jazzy/opt/gz_transport_vendor:/opt/ros/jazzy/opt/gz_rendering_vendor:/opt/ros/jazzy/opt/gz_plugin_vendor:/opt/ros/jazzy/opt/gz_fuel_tools_vendor:/opt/ros/jazzy/opt/gz_msgs_vendor:/opt/ros/jazzy/opt/gz_common_vendor:/opt/ros/jazzy/opt/gz_math_vendor:/opt/ros/jazzy/opt/gz_utils_vendor:/opt/ros/jazzy/opt/gz_tools_vendor:/opt/ros/jazzy/opt/gz_ogre_next_vendor:/opt/ros/jazzy/opt/gz_dartsim_vendor:/opt/ros/jazzy/opt/gz_cmake_vendor'}, 'shell': False}
[1.284831] (gazebo_node) Command: {'cmd': ['/usr/bin/python3', '-W', 'ignore:setup.py install is deprecated', '-W', 'ignore:easy_install command is deprecated', 'setup.py', 'develop', '--editable', '--build-directory', '/ros2_ws/build/gazebo_node/build', '--no-deps', 'symlink_data'], 'cwd': '/ros2_ws/build/gazebo_node', 'env': {'GZ_CONFIG_PATH': '/opt/ros/jazzy/opt/gz_sim_vendor/share/gz:/opt/ros/jazzy/opt/sdformat_vendor/share/gz:/opt/ros/jazzy/opt/gz_gui_vendor/share/gz:/opt/ros/jazzy/opt/gz_transport_vendor/share/gz:/opt/ros/jazzy/opt/gz_rendering_vendor/share/gz:/opt/ros/jazzy/opt/gz_plugin_vendor/share/gz:/opt/ros/jazzy/opt/gz_fuel_tools_vendor/share/gz:/opt/ros/jazzy/opt/gz_msgs_vendor/share/gz:/opt/ros/jazzy/opt/gz_common_vendor/share/gz', 'HOSTNAME': 'dhyan-LOQ', 'SHLVL': '1', 'LD_LIBRARY_PATH': '/opt/ros/jazzy/opt/gz_sim_vendor/lib:/opt/ros/jazzy/opt/gz_sensors_vendor/lib:/opt/ros/jazzy/opt/gz_physics_vendor/lib:/opt/ros/jazzy/opt/sdformat_vendor/lib:/opt/ros/jazzy/opt/rviz_ogre_vendor/lib:/opt/ros/jazzy/lib/x86_64-linux-gnu:/opt/ros/jazzy/opt/gz_gui_vendor/lib:/opt/ros/jazzy/opt/gz_transport_vendor/lib:/opt/ros/jazzy/opt/gz_rendering_vendor/lib:/opt/ros/jazzy/opt/gz_plugin_vendor/lib:/opt/ros/jazzy/opt/gz_fuel_tools_vendor/lib:/opt/ros/jazzy/opt/gz_msgs_vendor/lib:/opt/ros/jazzy/opt/gz_common_vendor/lib:/opt/ros/jazzy/opt/gz_math_vendor/lib:/opt/ros/jazzy/opt/gz_utils_vendor/lib:/opt/ros/jazzy/opt/gz_tools_vendor/lib:/opt/ros/jazzy/opt/gz_ogre_next_vendor/lib:/opt/ros/jazzy/opt/gz_dartsim_vendor/lib:/opt/ros/jazzy/opt/gz_cmake_vendor/lib:/opt/ros/jazzy/lib', 'HOME': '/root', 'OLDPWD': '/ros2_ws', 'ROS_PYTHON_VERSION': '3', 'ROS_DISTRO': 'jazzy', '_': '/usr/bin/colcon', 'ROS_VERSION': '2', 'NVIDIA_DRIVER_CAPABILITIES': 'all', 'TERM': 'xterm', 'QT_X11_NO_MITSHM': '1', 'PATH': '/opt/ros/jazzy/opt/gz_msgs_vendor/bin:/opt/ros/jazzy/opt/gz_tools_vendor/bin:/opt/ros/jazzy/opt/gz_ogre_next_vendor/bin:/opt/ros/jazzy/bin:/usr/local/sbin:/usr/local/bin:/usr/sbin:/usr/bin:/sbin:/bin', 'DISPLAY': ':0', 'LANG': 'C.UTF-8', 'ROS_DOMAIN_ID': '42', 'AMENT_PREFIX_PATH': '/opt/ros/jazzy', 'DEBIAN_FRONTEND': 'noninteractive', 'ROS_AUTOMATIC_DISCOVERY_RANGE': 'SUBNET', 'PWD': '/ros2_ws/build/gazebo_node', 'LC_ALL': 'C.UTF-8', 'PYTHONPATH': '/ros2_ws/build/gazebo_node/prefix_override:/usr/lib/python3/dist-packages/colcon_core/task/python/colcon_distutils_commands:/ros2_ws/install/gazebo_node/lib/python3.12/site-packages:/opt/ros/jazzy/lib/python3.12/site-packages', 'NVIDIA_VISIBLE_DEVICES': 'all', 'COLCON': '1', 'CMAKE_PREFIX_PATH': '/opt/ros/jazzy/opt/gz_sim_vendor:/opt/ros/jazzy/opt/gz_sensors_vendor:/opt/ros/jazzy/opt/gz_physics_vendor:/opt/ros/jazzy/opt/sdformat_vendor:/opt/ros/jazzy/opt/gz_gui_vendor:/opt/ros/jazzy/opt/gz_transport_vendor:/opt/ros/jazzy/opt/gz_rendering_vendor:/opt/ros/jazzy/opt/gz_plugin_vendor:/opt/ros/jazzy/opt/gz_fuel_tools_vendor:/opt/ros/jazzy/opt/gz_msgs_vendor:/opt/ros/jazzy/opt/gz_common_vendor:/opt/ros/jazzy/opt/gz_math_vendor:/opt/ros/jazzy/opt/gz_utils_vendor:/opt/ros/jazzy/opt/gz_tools_vendor:/opt/ros/jazzy/opt/gz_ogre_next_vendor:/opt/ros/jazzy/opt/gz_dartsim_vendor:/opt/ros/jazzy/opt/gz_cmake_vendor'}, 'shell': False}
[1.286946] (listener_node) Command: {'cmd': ['/usr/bin/python3', '-W', 'ignore:setup.py install is deprecated', '-W', 'ignore:easy_install command is deprecated', 'setup.py', 'develop', '--editable', '--build-directory', '/ros2_ws/build/listener_node/build', '--no-deps', 'symlink_data'], 'cwd': '/ros2_ws/build/listener_node', 'env': {'GZ_CONFIG_PATH': '/opt/ros/jazzy/opt/gz_sim_vendor/share/gz:/opt/ros/jazzy/opt/sdformat_vendor/share/gz:/opt/ros/jazzy/opt/gz_gui_vendor/share/gz:/opt/ros/jazzy/opt/gz_transport_vendor/share/gz:/opt/ros/jazzy/opt/gz_rendering_vendor/share/gz:/opt/ros/jazzy/opt/gz_plugin_vendor/share/gz:/opt/ros/jazzy/opt/gz_fuel_tools_vendor/share/gz:/opt/ros/jazzy/opt/gz_msgs_vendor/share/gz:/opt/ros/jazzy/opt/gz_common_vendor/share/gz', 'HOSTNAME': 'dhyan-LOQ', 'SHLVL': '1', 'LD_LIBRARY_PATH': '/opt/ros/jazzy/opt/gz_sim_vendor/lib:/opt/ros/jazzy/opt/gz_sensors_vendor/lib:/opt/ros/jazzy/opt/gz_physics_vendor/lib:/opt/ros/jazzy/opt/sdformat_vendor/lib:/opt/ros/jazzy/opt/rviz_ogre_vendor/lib:/opt/ros/jazzy/lib/x86_64-linux-gnu:/opt/ros/jazzy/opt/gz_gui_vendor/lib:/opt/ros/jazzy/opt/gz_transport_vendor/lib:/opt/ros/jazzy/opt/gz_rendering_vendor/lib:/opt/ros/jazzy/opt/gz_plugin_vendor/lib:/opt/ros/jazzy/opt/gz_fuel_tools_vendor/lib:/opt/ros/jazzy/opt/gz_msgs_vendor/lib:/opt/ros/jazzy/opt/gz_common_vendor/lib:/opt/ros/jazzy/opt/gz_math_vendor/lib:/opt/ros/jazzy/opt/gz_utils_vendor/lib:/opt/ros/jazzy/opt/gz_tools_vendor/lib:/opt/ros/jazzy/opt/gz_ogre_next_vendor/lib:/opt/ros/jazzy/opt/gz_dartsim_vendor/lib:/opt/ros/jazzy/opt/gz_cmake_vendor/lib:/opt/ros/jazzy/lib', 'HOME': '/root', 'OLDPWD': '/ros2_ws', 'ROS_PYTHON_VERSION': '3', 'ROS_DISTRO': 'jazzy', '_': '/usr/bin/colcon', 'ROS_VERSION': '2', 'NVIDIA_DRIVER_CAPABILITIES': 'all', 'TERM': 'xterm', 'QT_X11_NO_MITSHM': '1', 'PATH': '/opt/ros/jazzy/opt/gz_msgs_vendor/bin:/opt/ros/jazzy/opt/gz_tools_vendor/bin:/opt/ros/jazzy/opt/gz_ogre_next_vendor/bin:/opt/ros/jazzy/bin:/usr/local/sbin:/usr/local/bin:/usr/sbin:/usr/bin:/sbin:/bin', 'DISPLAY': ':0', 'LANG': 'C.UTF-8', 'ROS_DOMAIN_ID': '42', 'AMENT_PREFIX_PATH': '/opt/ros/jazzy', 'DEBIAN_FRONTEND': 'noninteractive', 'ROS_AUTOMATIC_DISCOVERY_RANGE': 'SUBNET', 'PWD': '/ros2_ws/build/listener_node', 'LC_ALL': 'C.UTF-8', 'PYTHONPATH': '/ros2_ws/build/listener_node/prefix_override:/usr/lib/python3/dist-packages/colcon_core/task/python/colcon_distutils_commands:/ros2_ws/install/listener_node/lib/python3.12/site-packages:/opt/ros/jazzy/lib/python3.12/site-packages', 'NVIDIA_VISIBLE_DEVICES': 'all', 'COLCON': '1', 'CMAKE_PREFIX_PATH': '/opt/ros/jazzy/opt/gz_sim_vendor:/opt/ros/jazzy/opt/gz_sensors_vendor:/opt/ros/jazzy/opt/gz_physics_vendor:/opt/ros/jazzy/opt/sdformat_vendor:/opt/ros/jazzy/opt/gz_gui_vendor:/opt/ros/jazzy/opt/gz_transport_vendor:/opt/ros/jazzy/opt/gz_rendering_vendor:/opt/ros/jazzy/opt/gz_plugin_vendor:/opt/ros/jazzy/opt/gz_fuel_tools_vendor:/opt/ros/jazzy/opt/gz_msgs_vendor:/opt/ros/jazzy/opt/gz_common_vendor:/opt/ros/jazzy/opt/gz_math_vendor:/opt/ros/jazzy/opt/gz_utils_vendor:/opt/ros/jazzy/opt/gz_tools_vendor:/opt/ros/jazzy/opt/gz_ogre_next_vendor:/opt/ros/jazzy/opt/gz_dartsim_vendor:/opt/ros/jazzy/opt/gz_cmake_vendor'}, 'shell': False}
[1.303061] (-) TimerEvent: {}
[1.403362] (-) TimerEvent: {}
[1.503668] (-) TimerEvent: {}
[1.505604] (debug_node) StdoutLine: {'line': b'running develop\n'}
[1.512361] (talker_node) StdoutLine: {'line': b'running develop\n'}
[1.514862] (turtlebot_node) StdoutLine: {'line': b'running develop\n'}
[1.526294] (gazebo_node) StdoutLine: {'line': b'running develop\n'}
[1.544469] (listener_node) StdoutLine: {'line': b'running develop\n'}
[1.603767] (-) TimerEvent: {}
[1.641099] (debug_node) StdoutLine: {'line': b'running egg_info\n'}
[1.649154] (talker_node) StdoutLine: {'line': b'running egg_info\n'}
[1.653613] (debug_node) StdoutLine: {'line': b'writing debug_node.egg-info/PKG-INFO\n'}
[1.653847] (debug_node) StdoutLine: {'line': b'writing dependency_links to debug_node.egg-info/dependency_links.txt\n'}
[1.654040] (debug_node) StdoutLine: {'line': b'writing entry points to debug_node.egg-info/entry_points.txt\n'}
[1.654215] (debug_node) StdoutLine: {'line': b'writing requirements to debug_node.egg-info/requires.txt\n'}
[1.654356] (debug_node) StdoutLine: {'line': b'writing top-level names to debug_node.egg-info/top_level.txt\n'}
[1.657355] (turtlebot_node) StdoutLine: {'line': b'running egg_info\n'}
[1.661991] (talker_node) StdoutLine: {'line': b'writing talker_node.egg-info/PKG-INFO\n'}
[1.662191] (talker_node) StdoutLine: {'line': b'writing dependency_links to talker_node.egg-info/dependency_links.txt\n'}
[1.662365] (talker_node) StdoutLine: {'line': b'writing entry points to talker_node.egg-info/entry_points.txt\n'}
[1.662583] (talker_node) StdoutLine: {'line': b'writing requirements to talker_node.egg-info/requires.txt\n'}
[1.662713] (talker_node) StdoutLine: {'line': b'writing top-level names to talker_node.egg-info/top_level.txt\n'}
[1.664295] (gazebo_node) StdoutLine: {'line': b'running egg_info\n'}
[1.670508] (turtlebot_node) StdoutLine: {'line': b'writing turtlebot_node.egg-info/PKG-INFO\n'}
[1.670779] (turtlebot_node) StdoutLine: {'line': b'writing dependency_links to turtlebot_node.egg-info/dependency_links.txt\n'}
[1.670982] (turtlebot_node) StdoutLine: {'line': b'writing entry points to turtlebot_node.egg-info/entry_points.txt\n'}
[1.671151] (turtlebot_node) StdoutLine: {'line': b'writing requirements to turtlebot_node.egg-info/requires.txt\n'}
[1.671279] (turtlebot_node) StdoutLine: {'line': b'writing top-level names to turtlebot_node.egg-info/top_level.txt\n'}
[1.677215] (gazebo_node) StdoutLine: {'line': b'writing gazebo_node.egg-info/PKG-INFO\n'}
[1.677457] (gazebo_node) StdoutLine: {'line': b'writing dependency_links to gazebo_node.egg-info/dependency_links.txt\n'}
[1.677578] (gazebo_node) StdoutLine: {'line': b'writing entry points to gazebo_node.egg-info/entry_points.txt\n'}
[1.677697] (gazebo_node) StdoutLine: {'line': b'writing requirements to gazebo_node.egg-info/requires.txt\n'}
[1.677792] (gazebo_node) StdoutLine: {'line': b'writing top-level names to gazebo_node.egg-info/top_level.txt\n'}
[1.680381] (debug_node) StdoutLine: {'line': b"reading manifest file 'debug_node.egg-info/SOURCES.txt'\n"}
[1.680893] (debug_node) StdoutLine: {'line': b"writing manifest file 'debug_node.egg-info/SOURCES.txt'\n"}
[1.687677] (listener_node) StdoutLine: {'line': b'running egg_info\n'}
[1.689557] (talker_node) StdoutLine: {'line': b"reading manifest file 'talker_node.egg-info/SOURCES.txt'\n"}
[1.690051] (talker_node) StdoutLine: {'line': b"writing manifest file 'talker_node.egg-info/SOURCES.txt'\n"}
[1.694617] (debug_node) StdoutLine: {'line': b'running build_ext\n'}
[1.694842] (debug_node) StdoutLine: {'line': b'Creating /ros2_ws/install/debug_node/lib/python3.12/site-packages/debug-node.egg-link (link to .)\n'}
[1.695205] (debug_node) StdoutLine: {'line': b'Installing debug_node script to /ros2_ws/install/debug_node/lib/debug_node\n'}
[1.695415] (debug_node) StdoutLine: {'line': b'\n'}
[1.695600] (debug_node) StdoutLine: {'line': b'Installed /ros2_ws/build/debug_node\n'}
[1.695763] (debug_node) StdoutLine: {'line': b'running symlink_data\n'}
[1.697961] (turtlebot_node) StdoutLine: {'line': b"reading manifest file 'turtlebot_node.egg-info/SOURCES.txt'\n"}
[1.698508] (turtlebot_node) StdoutLine: {'line': b"writing manifest file 'turtlebot_node.egg-info/SOURCES.txt'\n"}
[1.700878] (listener_node) StdoutLine: {'line': b'writing listener_node.egg-info/PKG-INFO\n'}
[1.701098] (listener_node) StdoutLine: {'line': b'writing dependency_links to listener_node.egg-info/dependency_links.txt\n'}
[1.701287] (listener_node) StdoutLine: {'line': b'writing entry points to listener_node.egg-info/entry_points.txt\n'}
[1.701494] (listener_node) StdoutLine: {'line': b'writing requirements to listener_node.egg-info/requires.txt\n'}
[1.701669] (listener_node) StdoutLine: {'line': b'writing top-level names to listener_node.egg-info/top_level.txt\n'}
[1.703833] (-) TimerEvent: {}
[1.704116] (talker_node) StdoutLine: {'line': b'running build_ext\n'}
[1.704352] (talker_node) StdoutLine: {'line': b'Creating /ros2_ws/install/talker_node/lib/python3.12/site-packages/talker-node.egg-link (link to .)\n'}
[1.704784] (talker_node) StdoutLine: {'line': b'Installing talker_node script to /ros2_ws/install/talker_node/lib/talker_node\n'}
[1.705036] (talker_node) StdoutLine: {'line': b'\n'}
[1.705231] (talker_node) StdoutLine: {'line': b'Installed /ros2_ws/build/talker_node\n'}
[1.705387] (talker_node) StdoutLine: {'line': b'running symlink_data\n'}
[1.705511] (gazebo_node) StdoutLine: {'line': b"reading manifest file 'gazebo_node.egg-info/SOURCES.txt'\n"}
[1.705935] (gazebo_node) StdoutLine: {'line': b"writing manifest file 'gazebo_node.egg-info/SOURCES.txt'\n"}
[1.713330] (turtlebot_node) StdoutLine: {'line': b'running build_ext\n'}
[1.713544] (turtlebot_node) StdoutLine: {'line': b'Creating /ros2_ws/install/turtlebot_node/lib/python3.12/site-packages/turtlebot-node.egg-link (link to .)\n'}
[1.713987] (turtlebot_node) StdoutLine: {'line': b'Installing turtlebot script to /ros2_ws/install/turtlebot_node/lib/turtlebot_node\n'}
[1.714216] (turtlebot_node) StdoutLine: {'line': b'\n'}
[1.714279] (turtlebot_node) StdoutLine: {'line': b'Installed /ros2_ws/build/turtlebot_node\n'}
[1.714357] (turtlebot_node) StdoutLine: {'line': b'running symlink_data\n'}
[1.721790] (gazebo_node) StdoutLine: {'line': b'running build_ext\n'}
[1.722025] (gazebo_node) StdoutLine: {'line': b'Creating /ros2_ws/install/gazebo_node/lib/python3.12/site-packages/gazebo-node.egg-link (link to .)\n'}
[1.723093] (gazebo_node) StdoutLine: {'line': b'Installing gazebo_node script to /ros2_ws/install/gazebo_node/lib/gazebo_node\n'}
[1.723530] (gazebo_node) StdoutLine: {'line': b'\n'}
[1.723688] (gazebo_node) StdoutLine: {'line': b'Installed /ros2_ws/build/gazebo_node\n'}
[1.723921] (gazebo_node) StdoutLine: {'line': b'running symlink_data\n'}
[1.724775] (debug_node) CommandEnded: {'returncode': 0}
[1.731747] (listener_node) StdoutLine: {'line': b"reading manifest file 'listener_node.egg-info/SOURCES.txt'\n"}
[1.732794] (listener_node) StdoutLine: {'line': b"writing manifest file 'listener_node.egg-info/SOURCES.txt'\n"}
[1.736782] (debug_node) JobEnded: {'identifier': 'debug_node', 'rc': 0}
[1.748029] (listener_node) StdoutLine: {'line': b'running build_ext\n'}
[1.748295] (listener_node) StdoutLine: {'line': b'Creating /ros2_ws/install/listener_node/lib/python3.12/site-packages/listener-node.egg-link (link to .)\n'}
[1.748862] (listener_node) StdoutLine: {'line': b'Installing listener_node script to /ros2_ws/install/listener_node/lib/listener_node\n'}
[1.749176] (talker_node) CommandEnded: {'returncode': 0}
[1.749898] (listener_node) StdoutLine: {'line': b'\n'}
[1.750007] (listener_node) StdoutLine: {'line': b'Installed /ros2_ws/build/listener_node\n'}
[1.750411] (listener_node) StdoutLine: {'line': b'running symlink_data\n'}
[1.760884] (talker_node) JobEnded: {'identifier': 'talker_node', 'rc': 0}
[1.761897] (turtlebot_node) CommandEnded: {'returncode': 0}
[1.767706] (turtlebot_node) JobEnded: {'identifier': 'turtlebot_node', 'rc': 0}
[1.768971] (gazebo_node) CommandEnded: {'returncode': 0}
[1.774053] (gazebo_node) JobEnded: {'identifier': 'gazebo_node', 'rc': 0}
[1.786387] (listener_node) CommandEnded: {'returncode': 0}
[1.791804] (listener_node) JobEnded: {'identifier': 'listener_node', 'rc': 0}
[1.792755] (-) EventReactorShutdown: {}
