[1.261s] Invoking command in '/ros2_ws/build/gazebo_node': PYTHONPATH=/ros2_ws/build/gazebo_node/prefix_override:/usr/lib/python3/dist-packages/colcon_core/task/python/colcon_distutils_commands:/ros2_ws/install/gazebo_node/lib/python3.12/site-packages:${PYTHONPATH} /usr/bin/python3 -W ignore:setup.py install is deprecated -W ignore:easy_install command is deprecated setup.py develop --editable --build-directory /ros2_ws/build/gazebo_node/build --no-deps symlink_data
[1.504s] running develop
[1.642s] running egg_info
[1.642s] creating gazebo_node.egg-info
[1.655s] writing gazebo_node.egg-info/PKG-INFO
[1.655s] writing dependency_links to gazebo_node.egg-info/dependency_links.txt
[1.656s] writing entry points to gazebo_node.egg-info/entry_points.txt
[1.656s] writing requirements to gazebo_node.egg-info/requires.txt
[1.656s] writing top-level names to gazebo_node.egg-info/top_level.txt
[1.656s] writing manifest file 'gazebo_node.egg-info/SOURCES.txt'
[1.682s] reading manifest file 'gazebo_node.egg-info/SOURCES.txt'
[1.682s] writing manifest file 'gazebo_node.egg-info/SOURCES.txt'
[1.700s] running build_ext
[1.700s] Creating /ros2_ws/install/gazebo_node/lib/python3.12/site-packages/gazebo-node.egg-link (link to .)
[1.700s] Installing gazebo_node script to /ros2_ws/install/gazebo_node/lib/gazebo_node
[1.701s] 
[1.701s] Installed /ros2_ws/build/gazebo_node
[1.701s] running symlink_data
[1.701s] creating /ros2_ws/install/gazebo_node/share/ament_index
[1.701s] creating /ros2_ws/install/gazebo_node/share/ament_index/resource_index
[1.702s] creating /ros2_ws/install/gazebo_node/share/ament_index/resource_index/packages
[1.702s] symbolically linking /ros2_ws/build/gazebo_node/resource/gazebo_node -> /ros2_ws/install/gazebo_node/share/ament_index/resource_index/packages
[1.702s] symbolically linking /ros2_ws/build/gazebo_node/package.xml -> /ros2_ws/install/gazebo_node/share/gazebo_node
[1.702s] creating /ros2_ws/install/gazebo_node/share/gazebo_node/launch
[1.702s] symbolically linking /ros2_ws/build/gazebo_node/launch/gazebo.launch.py -> /ros2_ws/install/gazebo_node/share/gazebo_node/launch
[1.745s] Invoked command in '/ros2_ws/build/gazebo_node' returned '0': PYTHONPATH=/ros2_ws/build/gazebo_node/prefix_override:/usr/lib/python3/dist-packages/colcon_core/task/python/colcon_distutils_commands:/ros2_ws/install/gazebo_node/lib/python3.12/site-packages:${PYTHONPATH} /usr/bin/python3 -W ignore:setup.py install is deprecated -W ignore:easy_install command is deprecated setup.py develop --editable --build-directory /ros2_ws/build/gazebo_node/build --no-deps symlink_data
