[1.244s] Invoking command in '/ros2_ws/build/listener_node': PYTHONPATH=/ros2_ws/build/listener_node/prefix_override:/usr/lib/python3/dist-packages/colcon_core/task/python/colcon_distutils_commands:/ros2_ws/install/listener_node/lib/python3.12/site-packages:${PYTHONPATH} /usr/bin/python3 -W ignore:setup.py install is deprecated -W ignore:easy_install command is deprecated setup.py develop --editable --build-directory /ros2_ws/build/listener_node/build --no-deps symlink_data
[1.496s] running develop
[1.638s] running egg_info
[1.639s] creating listener_node.egg-info
[1.654s] writing listener_node.egg-info/PKG-INFO
[1.654s] writing dependency_links to listener_node.egg-info/dependency_links.txt
[1.654s] writing entry points to listener_node.egg-info/entry_points.txt
[1.654s] writing requirements to listener_node.egg-info/requires.txt
[1.654s] writing top-level names to listener_node.egg-info/top_level.txt
[1.654s] writing manifest file 'listener_node.egg-info/SOURCES.txt'
[1.681s] reading manifest file 'listener_node.egg-info/SOURCES.txt'
[1.682s] writing manifest file 'listener_node.egg-info/SOURCES.txt'
[1.698s] running build_ext
[1.698s] Creating /ros2_ws/install/listener_node/lib/python3.12/site-packages/listener-node.egg-link (link to .)
[1.698s] Installing listener_node script to /ros2_ws/install/listener_node/lib/listener_node
[1.698s] 
[1.698s] Installed /ros2_ws/build/listener_node
[1.699s] running symlink_data
[1.699s] creating /ros2_ws/install/listener_node/share/ament_index
[1.699s] creating /ros2_ws/install/listener_node/share/ament_index/resource_index
[1.699s] creating /ros2_ws/install/listener_node/share/ament_index/resource_index/packages
[1.699s] symbolically linking /ros2_ws/build/listener_node/resource/listener_node -> /ros2_ws/install/listener_node/share/ament_index/resource_index/packages
[1.699s] symbolically linking /ros2_ws/build/listener_node/package.xml -> /ros2_ws/install/listener_node/share/listener_node
[1.699s] creating /ros2_ws/install/listener_node/share/listener_node/launch
[1.699s] symbolically linking /ros2_ws/build/listener_node/launch/listener_launch.py -> /ros2_ws/install/listener_node/share/listener_node/launch
[1.759s] Invoked command in '/ros2_ws/build/listener_node' returned '0': PYTHONPATH=/ros2_ws/build/listener_node/prefix_override:/usr/lib/python3/dist-packages/colcon_core/task/python/colcon_distutils_commands:/ros2_ws/install/listener_node/lib/python3.12/site-packages:${PYTHONPATH} /usr/bin/python3 -W ignore:setup.py install is deprecated -W ignore:easy_install command is deprecated setup.py develop --editable --build-directory /ros2_ws/build/listener_node/build --no-deps symlink_data
