[0.000000] (-) TimerEvent: {}
[0.000170] (debug_node) JobQueued: {'identifier': 'debug_node', 'dependencies': OrderedDict()}
[0.000317] (gazebo_node) JobQueued: {'identifier': 'gazebo_node', 'dependencies': OrderedDict()}
[0.000426] (listener_node) JobQueued: {'identifier': 'listener_node', 'dependencies': OrderedDict()}
[0.000462] (talker_node) JobQueued: {'identifier': 'talker_node', 'dependencies': OrderedDict()}
[0.000488] (turtlebot_node) JobQueued: {'identifier': 'turtlebot_node', 'dependencies': OrderedDict()}
[0.000515] (debug_node) JobStarted: {'identifier': 'debug_node'}
[0.007180] (gazebo_node) JobStarted: {'identifier': 'gazebo_node'}
[0.010966] (listener_node) JobStarted: {'identifier': 'listener_node'}
[0.013995] (talker_node) JobStarted: {'identifier': 'talker_node'}
[0.017993] (turtlebot_node) JobStarted: {'identifier': 'turtlebot_node'}
[0.099272] (-) TimerEvent: {}
[0.199597] (-) TimerEvent: {}
[0.299925] (-) TimerEvent: {}
[0.400249] (-) TimerEvent: {}
[0.500544] (-) TimerEvent: {}
[0.600876] (-) TimerEvent: {}
[0.701177] (-) TimerEvent: {}
[0.801487] (-) TimerEvent: {}
[0.901768] (-) TimerEvent: {}
[1.002032] (-) TimerEvent: {}
[1.102331] (-) TimerEvent: {}
[1.202621] (-) TimerEvent: {}
[1.267630] (turtlebot_node) Command: {'cmd': ['/usr/bin/python3', '-W', 'ignore:setup.py install is deprecated', '-W', 'ignore:easy_install command is deprecated', 'setup.py', 'develop', '--editable', '--build-directory', '/ros2_ws/build/turtlebot_node/build', '--no-deps', 'symlink_data'], 'cwd': '/ros2_ws/build/turtlebot_node', 'env': {'GZ_CONFIG_PATH': '/opt/ros/jazzy/opt/gz_sim_vendor/share/gz:/opt/ros/jazzy/opt/sdformat_vendor/share/gz:/opt/ros/jazzy/opt/gz_gui_vendor/share/gz:/opt/ros/jazzy/opt/gz_transport_vendor/share/gz:/opt/ros/jazzy/opt/gz_rendering_vendor/share/gz:/opt/ros/jazzy/opt/gz_plugin_vendor/share/gz:/opt/ros/jazzy/opt/gz_fuel_tools_vendor/share/gz:/opt/ros/jazzy/opt/gz_msgs_vendor/share/gz:/opt/ros/jazzy/opt/gz_common_vendor/share/gz', 'HOSTNAME': 'dhyan-LOQ', 'SHLVL': '1', 'LD_LIBRARY_PATH': '/opt/ros/jazzy/opt/gz_sim_vendor/lib:/opt/ros/jazzy/opt/gz_sensors_vendor/lib:/opt/ros/jazzy/opt/gz_physics_vendor/lib:/opt/ros/jazzy/opt/sdformat_vendor/lib:/opt/ros/jazzy/opt/rviz_ogre_vendor/lib:/opt/ros/jazzy/lib/x86_64-linux-gnu:/opt/ros/jazzy/opt/gz_gui_vendor/lib:/opt/ros/jazzy/opt/gz_transport_vendor/lib:/opt/ros/jazzy/opt/gz_rendering_vendor/lib:/opt/ros/jazzy/opt/gz_plugin_vendor/lib:/opt/ros/jazzy/opt/gz_fuel_tools_vendor/lib:/opt/ros/jazzy/opt/gz_msgs_vendor/lib:/opt/ros/jazzy/opt/gz_common_vendor/lib:/opt/ros/jazzy/opt/gz_math_vendor/lib:/opt/ros/jazzy/opt/gz_utils_vendor/lib:/opt/ros/jazzy/opt/gz_tools_vendor/lib:/opt/ros/jazzy/opt/gz_ogre_next_vendor/lib:/opt/ros/jazzy/opt/gz_dartsim_vendor/lib:/opt/ros/jazzy/opt/gz_cmake_vendor/lib:/opt/ros/jazzy/lib', 'HOME': '/root', 'ROS_PYTHON_VERSION': '3', 'ROS_DISTRO': 'jazzy', '_': '/usr/bin/colcon', 'ROS_VERSION': '2', 'NVIDIA_DRIVER_CAPABILITIES': 'all', 'TERM': 'xterm', 'QT_X11_NO_MITSHM': '1', 'PATH': '/opt/ros/jazzy/opt/gz_msgs_vendor/bin:/opt/ros/jazzy/opt/gz_tools_vendor/bin:/opt/ros/jazzy/opt/gz_ogre_next_vendor/bin:/opt/ros/jazzy/bin:/usr/local/sbin:/usr/local/bin:/usr/sbin:/usr/bin:/sbin:/bin', 'DISPLAY': ':0', 'LANG': 'C.UTF-8', 'ROS_DOMAIN_ID': '42', 'AMENT_PREFIX_PATH': '/opt/ros/jazzy', 'DEBIAN_FRONTEND': 'noninteractive', 'ROS_AUTOMATIC_DISCOVERY_RANGE': 'SUBNET', 'PWD': '/ros2_ws/build/turtlebot_node', 'LC_ALL': 'C.UTF-8', 'PYTHONPATH': '/ros2_ws/build/turtlebot_node/prefix_override:/usr/lib/python3/dist-packages/colcon_core/task/python/colcon_distutils_commands:/ros2_ws/install/turtlebot_node/lib/python3.12/site-packages:/opt/ros/jazzy/lib/python3.12/site-packages', 'NVIDIA_VISIBLE_DEVICES': 'all', 'COLCON': '1', 'CMAKE_PREFIX_PATH': '/opt/ros/jazzy/opt/gz_sim_vendor:/opt/ros/jazzy/opt/gz_sensors_vendor:/opt/ros/jazzy/opt/gz_physics_vendor:/opt/ros/jazzy/opt/sdformat_vendor:/opt/ros/jazzy/opt/gz_gui_vendor:/opt/ros/jazzy/opt/gz_transport_vendor:/opt/ros/jazzy/opt/gz_rendering_vendor:/opt/ros/jazzy/opt/gz_plugin_vendor:/opt/ros/jazzy/opt/gz_fuel_tools_vendor:/opt/ros/jazzy/opt/gz_msgs_vendor:/opt/ros/jazzy/opt/gz_common_vendor:/opt/ros/jazzy/opt/gz_math_vendor:/opt/ros/jazzy/opt/gz_utils_vendor:/opt/ros/jazzy/opt/gz_tools_vendor:/opt/ros/jazzy/opt/gz_ogre_next_vendor:/opt/ros/jazzy/opt/gz_dartsim_vendor:/opt/ros/jazzy/opt/gz_cmake_vendor'}, 'shell': False}
[1.272776] (debug_node) Command: {'cmd': ['/usr/bin/python3', '-W', 'ignore:setup.py install is deprecated', '-W', 'ignore:easy_install command is deprecated', 'setup.py', 'develop', '--editable', '--build-directory', '/ros2_ws/build/debug_node/build', '--no-deps', 'symlink_data'], 'cwd': '/ros2_ws/build/debug_node', 'env': {'GZ_CONFIG_PATH': '/opt/ros/jazzy/opt/gz_sim_vendor/share/gz:/opt/ros/jazzy/opt/sdformat_vendor/share/gz:/opt/ros/jazzy/opt/gz_gui_vendor/share/gz:/opt/ros/jazzy/opt/gz_transport_vendor/share/gz:/opt/ros/jazzy/opt/gz_rendering_vendor/share/gz:/opt/ros/jazzy/opt/gz_plugin_vendor/share/gz:/opt/ros/jazzy/opt/gz_fuel_tools_vendor/share/gz:/opt/ros/jazzy/opt/gz_msgs_vendor/share/gz:/opt/ros/jazzy/opt/gz_common_vendor/share/gz', 'HOSTNAME': 'dhyan-LOQ', 'SHLVL': '1', 'LD_LIBRARY_PATH': '/opt/ros/jazzy/opt/gz_sim_vendor/lib:/opt/ros/jazzy/opt/gz_sensors_vendor/lib:/opt/ros/jazzy/opt/gz_physics_vendor/lib:/opt/ros/jazzy/opt/sdformat_vendor/lib:/opt/ros/jazzy/opt/rviz_ogre_vendor/lib:/opt/ros/jazzy/lib/x86_64-linux-gnu:/opt/ros/jazzy/opt/gz_gui_vendor/lib:/opt/ros/jazzy/opt/gz_transport_vendor/lib:/opt/ros/jazzy/opt/gz_rendering_vendor/lib:/opt/ros/jazzy/opt/gz_plugin_vendor/lib:/opt/ros/jazzy/opt/gz_fuel_tools_vendor/lib:/opt/ros/jazzy/opt/gz_msgs_vendor/lib:/opt/ros/jazzy/opt/gz_common_vendor/lib:/opt/ros/jazzy/opt/gz_math_vendor/lib:/opt/ros/jazzy/opt/gz_utils_vendor/lib:/opt/ros/jazzy/opt/gz_tools_vendor/lib:/opt/ros/jazzy/opt/gz_ogre_next_vendor/lib:/opt/ros/jazzy/opt/gz_dartsim_vendor/lib:/opt/ros/jazzy/opt/gz_cmake_vendor/lib:/opt/ros/jazzy/lib', 'HOME': '/root', 'ROS_PYTHON_VERSION': '3', 'ROS_DISTRO': 'jazzy', '_': '/usr/bin/colcon', 'ROS_VERSION': '2', 'NVIDIA_DRIVER_CAPABILITIES': 'all', 'TERM': 'xterm', 'QT_X11_NO_MITSHM': '1', 'PATH': '/opt/ros/jazzy/opt/gz_msgs_vendor/bin:/opt/ros/jazzy/opt/gz_tools_vendor/bin:/opt/ros/jazzy/opt/gz_ogre_next_vendor/bin:/opt/ros/jazzy/bin:/usr/local/sbin:/usr/local/bin:/usr/sbin:/usr/bin:/sbin:/bin', 'DISPLAY': ':0', 'LANG': 'C.UTF-8', 'ROS_DOMAIN_ID': '42', 'AMENT_PREFIX_PATH': '/opt/ros/jazzy', 'DEBIAN_FRONTEND': 'noninteractive', 'ROS_AUTOMATIC_DISCOVERY_RANGE': 'SUBNET', 'PWD': '/ros2_ws/build/debug_node', 'LC_ALL': 'C.UTF-8', 'PYTHONPATH': '/ros2_ws/build/debug_node/prefix_override:/usr/lib/python3/dist-packages/colcon_core/task/python/colcon_distutils_commands:/ros2_ws/install/debug_node/lib/python3.12/site-packages:/opt/ros/jazzy/lib/python3.12/site-packages', 'NVIDIA_VISIBLE_DEVICES': 'all', 'COLCON': '1', 'CMAKE_PREFIX_PATH': '/opt/ros/jazzy/opt/gz_sim_vendor:/opt/ros/jazzy/opt/gz_sensors_vendor:/opt/ros/jazzy/opt/gz_physics_vendor:/opt/ros/jazzy/opt/sdformat_vendor:/opt/ros/jazzy/opt/gz_gui_vendor:/opt/ros/jazzy/opt/gz_transport_vendor:/opt/ros/jazzy/opt/gz_rendering_vendor:/opt/ros/jazzy/opt/gz_plugin_vendor:/opt/ros/jazzy/opt/gz_fuel_tools_vendor:/opt/ros/jazzy/opt/gz_msgs_vendor:/opt/ros/jazzy/opt/gz_common_vendor:/opt/ros/jazzy/opt/gz_math_vendor:/opt/ros/jazzy/opt/gz_utils_vendor:/opt/ros/jazzy/opt/gz_tools_vendor:/opt/ros/jazzy/opt/gz_ogre_next_vendor:/opt/ros/jazzy/opt/gz_dartsim_vendor:/opt/ros/jazzy/opt/gz_cmake_vendor'}, 'shell': False}
[1.280746] (listener_node) Command: {'cmd': ['/usr/bin/python3', '-W', 'ignore:setup.py install is deprecated', '-W', 'ignore:easy_install command is deprecated', 'setup.py', 'develop', '--editable', '--build-directory', '/ros2_ws/build/listener_node/build', '--no-deps', 'symlink_data'], 'cwd': '/ros2_ws/build/listener_node', 'env': {'GZ_CONFIG_PATH': '/opt/ros/jazzy/opt/gz_sim_vendor/share/gz:/opt/ros/jazzy/opt/sdformat_vendor/share/gz:/opt/ros/jazzy/opt/gz_gui_vendor/share/gz:/opt/ros/jazzy/opt/gz_transport_vendor/share/gz:/opt/ros/jazzy/opt/gz_rendering_vendor/share/gz:/opt/ros/jazzy/opt/gz_plugin_vendor/share/gz:/opt/ros/jazzy/opt/gz_fuel_tools_vendor/share/gz:/opt/ros/jazzy/opt/gz_msgs_vendor/share/gz:/opt/ros/jazzy/opt/gz_common_vendor/share/gz', 'HOSTNAME': 'dhyan-LOQ', 'SHLVL': '1', 'LD_LIBRARY_PATH': '/opt/ros/jazzy/opt/gz_sim_vendor/lib:/opt/ros/jazzy/opt/gz_sensors_vendor/lib:/opt/ros/jazzy/opt/gz_physics_vendor/lib:/opt/ros/jazzy/opt/sdformat_vendor/lib:/opt/ros/jazzy/opt/rviz_ogre_vendor/lib:/opt/ros/jazzy/lib/x86_64-linux-gnu:/opt/ros/jazzy/opt/gz_gui_vendor/lib:/opt/ros/jazzy/opt/gz_transport_vendor/lib:/opt/ros/jazzy/opt/gz_rendering_vendor/lib:/opt/ros/jazzy/opt/gz_plugin_vendor/lib:/opt/ros/jazzy/opt/gz_fuel_tools_vendor/lib:/opt/ros/jazzy/opt/gz_msgs_vendor/lib:/opt/ros/jazzy/opt/gz_common_vendor/lib:/opt/ros/jazzy/opt/gz_math_vendor/lib:/opt/ros/jazzy/opt/gz_utils_vendor/lib:/opt/ros/jazzy/opt/gz_tools_vendor/lib:/opt/ros/jazzy/opt/gz_ogre_next_vendor/lib:/opt/ros/jazzy/opt/gz_dartsim_vendor/lib:/opt/ros/jazzy/opt/gz_cmake_vendor/lib:/opt/ros/jazzy/lib', 'HOME': '/root', 'ROS_PYTHON_VERSION': '3', 'ROS_DISTRO': 'jazzy', '_': '/usr/bin/colcon', 'ROS_VERSION': '2', 'NVIDIA_DRIVER_CAPABILITIES': 'all', 'TERM': 'xterm', 'QT_X11_NO_MITSHM': '1', 'PATH': '/opt/ros/jazzy/opt/gz_msgs_vendor/bin:/opt/ros/jazzy/opt/gz_tools_vendor/bin:/opt/ros/jazzy/opt/gz_ogre_next_vendor/bin:/opt/ros/jazzy/bin:/usr/local/sbin:/usr/local/bin:/usr/sbin:/usr/bin:/sbin:/bin', 'DISPLAY': ':0', 'LANG': 'C.UTF-8', 'ROS_DOMAIN_ID': '42', 'AMENT_PREFIX_PATH': '/opt/ros/jazzy', 'DEBIAN_FRONTEND': 'noninteractive', 'ROS_AUTOMATIC_DISCOVERY_RANGE': 'SUBNET', 'PWD': '/ros2_ws/build/listener_node', 'LC_ALL': 'C.UTF-8', 'PYTHONPATH': '/ros2_ws/build/listener_node/prefix_override:/usr/lib/python3/dist-packages/colcon_core/task/python/colcon_distutils_commands:/ros2_ws/install/listener_node/lib/python3.12/site-packages:/opt/ros/jazzy/lib/python3.12/site-packages', 'NVIDIA_VISIBLE_DEVICES': 'all', 'COLCON': '1', 'CMAKE_PREFIX_PATH': '/opt/ros/jazzy/opt/gz_sim_vendor:/opt/ros/jazzy/opt/gz_sensors_vendor:/opt/ros/jazzy/opt/gz_physics_vendor:/opt/ros/jazzy/opt/sdformat_vendor:/opt/ros/jazzy/opt/gz_gui_vendor:/opt/ros/jazzy/opt/gz_transport_vendor:/opt/ros/jazzy/opt/gz_rendering_vendor:/opt/ros/jazzy/opt/gz_plugin_vendor:/opt/ros/jazzy/opt/gz_fuel_tools_vendor:/opt/ros/jazzy/opt/gz_msgs_vendor:/opt/ros/jazzy/opt/gz_common_vendor:/opt/ros/jazzy/opt/gz_math_vendor:/opt/ros/jazzy/opt/gz_utils_vendor:/opt/ros/jazzy/opt/gz_tools_vendor:/opt/ros/jazzy/opt/gz_ogre_next_vendor:/opt/ros/jazzy/opt/gz_dartsim_vendor:/opt/ros/jazzy/opt/gz_cmake_vendor'}, 'shell': False}
[1.282451] (gazebo_node) Command: {'cmd': ['/usr/bin/python3', '-W', 'ignore:setup.py install is deprecated', '-W', 'ignore:easy_install command is deprecated', 'setup.py', 'develop', '--editable', '--build-directory', '/ros2_ws/build/gazebo_node/build', '--no-deps', 'symlink_data'], 'cwd': '/ros2_ws/build/gazebo_node', 'env': {'GZ_CONFIG_PATH': '/opt/ros/jazzy/opt/gz_sim_vendor/share/gz:/opt/ros/jazzy/opt/sdformat_vendor/share/gz:/opt/ros/jazzy/opt/gz_gui_vendor/share/gz:/opt/ros/jazzy/opt/gz_transport_vendor/share/gz:/opt/ros/jazzy/opt/gz_rendering_vendor/share/gz:/opt/ros/jazzy/opt/gz_plugin_vendor/share/gz:/opt/ros/jazzy/opt/gz_fuel_tools_vendor/share/gz:/opt/ros/jazzy/opt/gz_msgs_vendor/share/gz:/opt/ros/jazzy/opt/gz_common_vendor/share/gz', 'HOSTNAME': 'dhyan-LOQ', 'SHLVL': '1', 'LD_LIBRARY_PATH': '/opt/ros/jazzy/opt/gz_sim_vendor/lib:/opt/ros/jazzy/opt/gz_sensors_vendor/lib:/opt/ros/jazzy/opt/gz_physics_vendor/lib:/opt/ros/jazzy/opt/sdformat_vendor/lib:/opt/ros/jazzy/opt/rviz_ogre_vendor/lib:/opt/ros/jazzy/lib/x86_64-linux-gnu:/opt/ros/jazzy/opt/gz_gui_vendor/lib:/opt/ros/jazzy/opt/gz_transport_vendor/lib:/opt/ros/jazzy/opt/gz_rendering_vendor/lib:/opt/ros/jazzy/opt/gz_plugin_vendor/lib:/opt/ros/jazzy/opt/gz_fuel_tools_vendor/lib:/opt/ros/jazzy/opt/gz_msgs_vendor/lib:/opt/ros/jazzy/opt/gz_common_vendor/lib:/opt/ros/jazzy/opt/gz_math_vendor/lib:/opt/ros/jazzy/opt/gz_utils_vendor/lib:/opt/ros/jazzy/opt/gz_tools_vendor/lib:/opt/ros/jazzy/opt/gz_ogre_next_vendor/lib:/opt/ros/jazzy/opt/gz_dartsim_vendor/lib:/opt/ros/jazzy/opt/gz_cmake_vendor/lib:/opt/ros/jazzy/lib', 'HOME': '/root', 'ROS_PYTHON_VERSION': '3', 'ROS_DISTRO': 'jazzy', '_': '/usr/bin/colcon', 'ROS_VERSION': '2', 'NVIDIA_DRIVER_CAPABILITIES': 'all', 'TERM': 'xterm', 'QT_X11_NO_MITSHM': '1', 'PATH': '/opt/ros/jazzy/opt/gz_msgs_vendor/bin:/opt/ros/jazzy/opt/gz_tools_vendor/bin:/opt/ros/jazzy/opt/gz_ogre_next_vendor/bin:/opt/ros/jazzy/bin:/usr/local/sbin:/usr/local/bin:/usr/sbin:/usr/bin:/sbin:/bin', 'DISPLAY': ':0', 'LANG': 'C.UTF-8', 'ROS_DOMAIN_ID': '42', 'AMENT_PREFIX_PATH': '/opt/ros/jazzy', 'DEBIAN_FRONTEND': 'noninteractive', 'ROS_AUTOMATIC_DISCOVERY_RANGE': 'SUBNET', 'PWD': '/ros2_ws/build/gazebo_node', 'LC_ALL': 'C.UTF-8', 'PYTHONPATH': '/ros2_ws/build/gazebo_node/prefix_override:/usr/lib/python3/dist-packages/colcon_core/task/python/colcon_distutils_commands:/ros2_ws/install/gazebo_node/lib/python3.12/site-packages:/opt/ros/jazzy/lib/python3.12/site-packages', 'NVIDIA_VISIBLE_DEVICES': 'all', 'COLCON': '1', 'CMAKE_PREFIX_PATH': '/opt/ros/jazzy/opt/gz_sim_vendor:/opt/ros/jazzy/opt/gz_sensors_vendor:/opt/ros/jazzy/opt/gz_physics_vendor:/opt/ros/jazzy/opt/sdformat_vendor:/opt/ros/jazzy/opt/gz_gui_vendor:/opt/ros/jazzy/opt/gz_transport_vendor:/opt/ros/jazzy/opt/gz_rendering_vendor:/opt/ros/jazzy/opt/gz_plugin_vendor:/opt/ros/jazzy/opt/gz_fuel_tools_vendor:/opt/ros/jazzy/opt/gz_msgs_vendor:/opt/ros/jazzy/opt/gz_common_vendor:/opt/ros/jazzy/opt/gz_math_vendor:/opt/ros/jazzy/opt/gz_utils_vendor:/opt/ros/jazzy/opt/gz_tools_vendor:/opt/ros/jazzy/opt/gz_ogre_next_vendor:/opt/ros/jazzy/opt/gz_dartsim_vendor:/opt/ros/jazzy/opt/gz_cmake_vendor'}, 'shell': False}
[1.302716] (-) TimerEvent: {}
[1.310738] (talker_node) Command: {'cmd': ['/usr/bin/python3', '-W', 'ignore:setup.py install is deprecated', '-W', 'ignore:easy_install command is deprecated', 'setup.py', 'develop', '--editable', '--build-directory', '/ros2_ws/build/talker_node/build', '--no-deps', 'symlink_data'], 'cwd': '/ros2_ws/build/talker_node', 'env': {'GZ_CONFIG_PATH': '/opt/ros/jazzy/opt/gz_sim_vendor/share/gz:/opt/ros/jazzy/opt/sdformat_vendor/share/gz:/opt/ros/jazzy/opt/gz_gui_vendor/share/gz:/opt/ros/jazzy/opt/gz_transport_vendor/share/gz:/opt/ros/jazzy/opt/gz_rendering_vendor/share/gz:/opt/ros/jazzy/opt/gz_plugin_vendor/share/gz:/opt/ros/jazzy/opt/gz_fuel_tools_vendor/share/gz:/opt/ros/jazzy/opt/gz_msgs_vendor/share/gz:/opt/ros/jazzy/opt/gz_common_vendor/share/gz', 'HOSTNAME': 'dhyan-LOQ', 'SHLVL': '1', 'LD_LIBRARY_PATH': '/opt/ros/jazzy/opt/gz_sim_vendor/lib:/opt/ros/jazzy/opt/gz_sensors_vendor/lib:/opt/ros/jazzy/opt/gz_physics_vendor/lib:/opt/ros/jazzy/opt/sdformat_vendor/lib:/opt/ros/jazzy/opt/rviz_ogre_vendor/lib:/opt/ros/jazzy/lib/x86_64-linux-gnu:/opt/ros/jazzy/opt/gz_gui_vendor/lib:/opt/ros/jazzy/opt/gz_transport_vendor/lib:/opt/ros/jazzy/opt/gz_rendering_vendor/lib:/opt/ros/jazzy/opt/gz_plugin_vendor/lib:/opt/ros/jazzy/opt/gz_fuel_tools_vendor/lib:/opt/ros/jazzy/opt/gz_msgs_vendor/lib:/opt/ros/jazzy/opt/gz_common_vendor/lib:/opt/ros/jazzy/opt/gz_math_vendor/lib:/opt/ros/jazzy/opt/gz_utils_vendor/lib:/opt/ros/jazzy/opt/gz_tools_vendor/lib:/opt/ros/jazzy/opt/gz_ogre_next_vendor/lib:/opt/ros/jazzy/opt/gz_dartsim_vendor/lib:/opt/ros/jazzy/opt/gz_cmake_vendor/lib:/opt/ros/jazzy/lib', 'HOME': '/root', 'ROS_PYTHON_VERSION': '3', 'ROS_DISTRO': 'jazzy', '_': '/usr/bin/colcon', 'ROS_VERSION': '2', 'NVIDIA_DRIVER_CAPABILITIES': 'all', 'TERM': 'xterm', 'QT_X11_NO_MITSHM': '1', 'PATH': '/opt/ros/jazzy/opt/gz_msgs_vendor/bin:/opt/ros/jazzy/opt/gz_tools_vendor/bin:/opt/ros/jazzy/opt/gz_ogre_next_vendor/bin:/opt/ros/jazzy/bin:/usr/local/sbin:/usr/local/bin:/usr/sbin:/usr/bin:/sbin:/bin', 'DISPLAY': ':0', 'LANG': 'C.UTF-8', 'ROS_DOMAIN_ID': '42', 'AMENT_PREFIX_PATH': '/opt/ros/jazzy', 'DEBIAN_FRONTEND': 'noninteractive', 'ROS_AUTOMATIC_DISCOVERY_RANGE': 'SUBNET', 'PWD': '/ros2_ws/build/talker_node', 'LC_ALL': 'C.UTF-8', 'PYTHONPATH': '/ros2_ws/build/talker_node/prefix_override:/usr/lib/python3/dist-packages/colcon_core/task/python/colcon_distutils_commands:/ros2_ws/install/talker_node/lib/python3.12/site-packages:/opt/ros/jazzy/lib/python3.12/site-packages', 'NVIDIA_VISIBLE_DEVICES': 'all', 'COLCON': '1', 'CMAKE_PREFIX_PATH': '/opt/ros/jazzy/opt/gz_sim_vendor:/opt/ros/jazzy/opt/gz_sensors_vendor:/opt/ros/jazzy/opt/gz_physics_vendor:/opt/ros/jazzy/opt/sdformat_vendor:/opt/ros/jazzy/opt/gz_gui_vendor:/opt/ros/jazzy/opt/gz_transport_vendor:/opt/ros/jazzy/opt/gz_rendering_vendor:/opt/ros/jazzy/opt/gz_plugin_vendor:/opt/ros/jazzy/opt/gz_fuel_tools_vendor:/opt/ros/jazzy/opt/gz_msgs_vendor:/opt/ros/jazzy/opt/gz_common_vendor:/opt/ros/jazzy/opt/gz_math_vendor:/opt/ros/jazzy/opt/gz_utils_vendor:/opt/ros/jazzy/opt/gz_tools_vendor:/opt/ros/jazzy/opt/gz_ogre_next_vendor:/opt/ros/jazzy/opt/gz_dartsim_vendor:/opt/ros/jazzy/opt/gz_cmake_vendor'}, 'shell': False}
[1.402811] (-) TimerEvent: {}
[1.503095] (-) TimerEvent: {}
[1.511524] (turtlebot_node) StdoutLine: {'line': b'running develop\n'}
[1.513671] (debug_node) StdoutLine: {'line': b'running develop\n'}
[1.516039] (listener_node) StdoutLine: {'line': b'running develop\n'}
[1.520316] (gazebo_node) StdoutLine: {'line': b'running develop\n'}
[1.544342] (talker_node) StdoutLine: {'line': b'running develop\n'}
[1.603218] (-) TimerEvent: {}
[1.649498] (turtlebot_node) StdoutLine: {'line': b'running egg_info\n'}
[1.654291] (debug_node) StdoutLine: {'line': b'running egg_info\n'}
[1.654689] (listener_node) StdoutLine: {'line': b'running egg_info\n'}
[1.660721] (gazebo_node) StdoutLine: {'line': b'running egg_info\n'}
[1.665356] (turtlebot_node) StdoutLine: {'line': b'writing turtlebot_node.egg-info/PKG-INFO\n'}
[1.665622] (turtlebot_node) StdoutLine: {'line': b'writing dependency_links to turtlebot_node.egg-info/dependency_links.txt\n'}
[1.665809] (turtlebot_node) StdoutLine: {'line': b'writing entry points to turtlebot_node.egg-info/entry_points.txt\n'}
[1.665983] (turtlebot_node) StdoutLine: {'line': b'writing requirements to turtlebot_node.egg-info/requires.txt\n'}
[1.666108] (turtlebot_node) StdoutLine: {'line': b'writing top-level names to turtlebot_node.egg-info/top_level.txt\n'}
[1.667011] (debug_node) StdoutLine: {'line': b'writing debug_node.egg-info/PKG-INFO\n'}
[1.667228] (debug_node) StdoutLine: {'line': b'writing dependency_links to debug_node.egg-info/dependency_links.txt\n'}
[1.667454] (debug_node) StdoutLine: {'line': b'writing entry points to debug_node.egg-info/entry_points.txt\n'}
[1.667694] (listener_node) StdoutLine: {'line': b'writing listener_node.egg-info/PKG-INFO\n'}
[1.667878] (debug_node) StdoutLine: {'line': b'writing requirements to debug_node.egg-info/requires.txt\n'}
[1.668049] (debug_node) StdoutLine: {'line': b'writing top-level names to debug_node.egg-info/top_level.txt\n'}
[1.668172] (listener_node) StdoutLine: {'line': b'writing dependency_links to listener_node.egg-info/dependency_links.txt\n'}
[1.668295] (listener_node) StdoutLine: {'line': b'writing entry points to listener_node.egg-info/entry_points.txt\n'}
[1.668412] (listener_node) StdoutLine: {'line': b'writing requirements to listener_node.egg-info/requires.txt\n'}
[1.668528] (listener_node) StdoutLine: {'line': b'writing top-level names to listener_node.egg-info/top_level.txt\n'}
[1.673610] (gazebo_node) StdoutLine: {'line': b'writing gazebo_node.egg-info/PKG-INFO\n'}
[1.673832] (gazebo_node) StdoutLine: {'line': b'writing dependency_links to gazebo_node.egg-info/dependency_links.txt\n'}
[1.673992] (gazebo_node) StdoutLine: {'line': b'writing entry points to gazebo_node.egg-info/entry_points.txt\n'}
[1.674147] (gazebo_node) StdoutLine: {'line': b'writing requirements to gazebo_node.egg-info/requires.txt\n'}
[1.674290] (gazebo_node) StdoutLine: {'line': b'writing top-level names to gazebo_node.egg-info/top_level.txt\n'}
[1.688459] (talker_node) StdoutLine: {'line': b'running egg_info\n'}
[1.692083] (turtlebot_node) StdoutLine: {'line': b"reading manifest file 'turtlebot_node.egg-info/SOURCES.txt'\n"}
[1.692613] (turtlebot_node) StdoutLine: {'line': b"writing manifest file 'turtlebot_node.egg-info/SOURCES.txt'\n"}
[1.694107] (debug_node) StdoutLine: {'line': b"reading manifest file 'debug_node.egg-info/SOURCES.txt'\n"}
[1.694628] (debug_node) StdoutLine: {'line': b"writing manifest file 'debug_node.egg-info/SOURCES.txt'\n"}
[1.694856] (listener_node) StdoutLine: {'line': b"reading manifest file 'listener_node.egg-info/SOURCES.txt'\n"}
[1.695323] (listener_node) StdoutLine: {'line': b"writing manifest file 'listener_node.egg-info/SOURCES.txt'\n"}
[1.701223] (gazebo_node) StdoutLine: {'line': b"reading manifest file 'gazebo_node.egg-info/SOURCES.txt'\n"}
[1.701753] (gazebo_node) StdoutLine: {'line': b"writing manifest file 'gazebo_node.egg-info/SOURCES.txt'\n"}
[1.701990] (talker_node) StdoutLine: {'line': b'writing talker_node.egg-info/PKG-INFO\n'}
[1.702160] (talker_node) StdoutLine: {'line': b'writing dependency_links to talker_node.egg-info/dependency_links.txt\n'}
[1.702317] (talker_node) StdoutLine: {'line': b'writing entry points to talker_node.egg-info/entry_points.txt\n'}
[1.702463] (talker_node) StdoutLine: {'line': b'writing requirements to talker_node.egg-info/requires.txt\n'}
[1.702609] (talker_node) StdoutLine: {'line': b'writing top-level names to talker_node.egg-info/top_level.txt\n'}
[1.703314] (-) TimerEvent: {}
[1.706452] (turtlebot_node) StdoutLine: {'line': b'running build_ext\n'}
[1.706700] (turtlebot_node) StdoutLine: {'line': b'Creating /ros2_ws/install/turtlebot_node/lib/python3.12/site-packages/turtlebot-node.egg-link (link to .)\n'}
[1.707098] (turtlebot_node) StdoutLine: {'line': b'Installing turtlebot script to /ros2_ws/install/turtlebot_node/lib/turtlebot_node\n'}
[1.707333] (turtlebot_node) StdoutLine: {'line': b'\n'}
[1.707521] (turtlebot_node) StdoutLine: {'line': b'Installed /ros2_ws/build/turtlebot_node\n'}
[1.707655] (turtlebot_node) StdoutLine: {'line': b'running symlink_data\n'}
[1.708386] (debug_node) StdoutLine: {'line': b'running build_ext\n'}
[1.708581] (debug_node) StdoutLine: {'line': b'Creating /ros2_ws/install/debug_node/lib/python3.12/site-packages/debug-node.egg-link (link to .)\n'}
[1.708949] (listener_node) StdoutLine: {'line': b'running build_ext\n'}
[1.709136] (debug_node) StdoutLine: {'line': b'Installing debug_node script to /ros2_ws/install/debug_node/lib/debug_node\n'}
[1.709294] (listener_node) StdoutLine: {'line': b'Creating /ros2_ws/install/listener_node/lib/python3.12/site-packages/listener-node.egg-link (link to .)\n'}
[1.709448] (debug_node) StdoutLine: {'line': b'\n'}
[1.709572] (debug_node) StdoutLine: {'line': b'Installed /ros2_ws/build/debug_node\n'}
[1.709689] (debug_node) StdoutLine: {'line': b'running symlink_data\n'}
[1.709824] (listener_node) StdoutLine: {'line': b'Installing listener_node script to /ros2_ws/install/listener_node/lib/listener_node\n'}
[1.709983] (listener_node) StdoutLine: {'line': b'\n'}
[1.710114] (listener_node) StdoutLine: {'line': b'Installed /ros2_ws/build/listener_node\n'}
[1.710234] (listener_node) StdoutLine: {'line': b'running symlink_data\n'}
[1.716384] (gazebo_node) StdoutLine: {'line': b'running build_ext\n'}
[1.716644] (gazebo_node) StdoutLine: {'line': b'Creating /ros2_ws/install/gazebo_node/lib/python3.12/site-packages/gazebo-node.egg-link (link to .)\n'}
[1.717063] (gazebo_node) StdoutLine: {'line': b'Installing gazebo_node script to /ros2_ws/install/gazebo_node/lib/gazebo_node\n'}
[1.717311] (gazebo_node) StdoutLine: {'line': b'\n'}
[1.717479] (gazebo_node) StdoutLine: {'line': b'Installed /ros2_ws/build/gazebo_node\n'}
[1.717607] (gazebo_node) StdoutLine: {'line': b'running symlink_data\n'}
[1.731824] (talker_node) StdoutLine: {'line': b"reading manifest file 'talker_node.egg-info/SOURCES.txt'\n"}
[1.732378] (talker_node) StdoutLine: {'line': b"writing manifest file 'talker_node.egg-info/SOURCES.txt'\n"}
[1.741484] (turtlebot_node) CommandEnded: {'returncode': 0}
[1.750264] (talker_node) StdoutLine: {'line': b'running build_ext\n'}
[1.750632] (talker_node) StdoutLine: {'line': b'Creating /ros2_ws/install/talker_node/lib/python3.12/site-packages/talker-node.egg-link (link to .)\n'}
[1.751077] (talker_node) StdoutLine: {'line': b'Installing talker_node script to /ros2_ws/install/talker_node/lib/talker_node\n'}
[1.751267] (talker_node) StdoutLine: {'line': b'\n'}
[1.752174] (talker_node) StdoutLine: {'line': b'Installed /ros2_ws/build/talker_node\n'}
[1.752993] (talker_node) StdoutLine: {'line': b'running symlink_data\n'}
[1.755775] (turtlebot_node) JobEnded: {'identifier': 'turtlebot_node', 'rc': 0}
[1.757501] (listener_node) CommandEnded: {'returncode': 0}
[1.763780] (listener_node) JobEnded: {'identifier': 'listener_node', 'rc': 0}
[1.765062] (debug_node) CommandEnded: {'returncode': 0}
[1.771106] (debug_node) JobEnded: {'identifier': 'debug_node', 'rc': 0}
[1.772112] (gazebo_node) CommandEnded: {'returncode': 0}
[1.778615] (gazebo_node) JobEnded: {'identifier': 'gazebo_node', 'rc': 0}
[1.785770] (talker_node) CommandEnded: {'returncode': 0}
[1.791207] (talker_node) JobEnded: {'identifier': 'talker_node', 'rc': 0}
[1.792302] (-) EventReactorShutdown: {}
