[1.256s] Invoking command in '/ros2_ws/build/turtlebot_node': PYTHONPATH=/ros2_ws/build/turtlebot_node/prefix_override:/usr/lib/python3/dist-packages/colcon_core/task/python/colcon_distutils_commands:/ros2_ws/install/turtlebot_node/lib/python3.12/site-packages:${PYTHONPATH} /usr/bin/python3 -W ignore:setup.py install is deprecated -W ignore:easy_install command is deprecated setup.py develop --editable --build-directory /ros2_ws/build/turtlebot_node/build --no-deps symlink_data
[1.490s] running develop
[1.630s] running egg_info
[1.630s] creating turtlebot_node.egg-info
[1.644s] writing turtlebot_node.egg-info/PKG-INFO
[1.644s] writing dependency_links to turtlebot_node.egg-info/dependency_links.txt
[1.644s] writing entry points to turtlebot_node.egg-info/entry_points.txt
[1.644s] writing requirements to turtlebot_node.egg-info/requires.txt
[1.644s] writing top-level names to turtlebot_node.egg-info/top_level.txt
[1.645s] writing manifest file 'turtlebot_node.egg-info/SOURCES.txt'
[1.672s] reading manifest file 'turtlebot_node.egg-info/SOURCES.txt'
[1.673s] writing manifest file 'turtlebot_node.egg-info/SOURCES.txt'
[1.689s] running build_ext
[1.689s] Creating /ros2_ws/install/turtlebot_node/lib/python3.12/site-packages/turtlebot-node.egg-link (link to .)
[1.689s] Installing turtlebot script to /ros2_ws/install/turtlebot_node/lib/turtlebot_node
[1.689s] 
[1.689s] Installed /ros2_ws/build/turtlebot_node
[1.690s] running symlink_data
[1.690s] creating /ros2_ws/install/turtlebot_node/share/ament_index
[1.690s] creating /ros2_ws/install/turtlebot_node/share/ament_index/resource_index
[1.690s] creating /ros2_ws/install/turtlebot_node/share/ament_index/resource_index/packages
[1.690s] symbolically linking /ros2_ws/build/turtlebot_node/resource/turtlebot_node -> /ros2_ws/install/turtlebot_node/share/ament_index/resource_index/packages
[1.690s] symbolically linking /ros2_ws/build/turtlebot_node/package.xml -> /ros2_ws/install/turtlebot_node/share/turtlebot_node
[1.691s] creating /ros2_ws/install/turtlebot_node/share/turtlebot_node/launch
[1.691s] symbolically linking /ros2_ws/build/turtlebot_node/launch/spawn_turtlebot.launch.py -> /ros2_ws/install/turtlebot_node/share/turtlebot_node/launch
[1.747s] Invoked command in '/ros2_ws/build/turtlebot_node' returned '0': PYTHONPATH=/ros2_ws/build/turtlebot_node/prefix_override:/usr/lib/python3/dist-packages/colcon_core/task/python/colcon_distutils_commands:/ros2_ws/install/turtlebot_node/lib/python3.12/site-packages:${PYTHONPATH} /usr/bin/python3 -W ignore:setup.py install is deprecated -W ignore:easy_install command is deprecated setup.py develop --editable --build-directory /ros2_ws/build/turtlebot_node/build --no-deps symlink_data
