running develop
running egg_info
creating talker_node.egg-info
writing talker_node.egg-info/PKG-INFO
writing dependency_links to talker_node.egg-info/dependency_links.txt
writing entry points to talker_node.egg-info/entry_points.txt
writing requirements to talker_node.egg-info/requires.txt
writing top-level names to talker_node.egg-info/top_level.txt
writing manifest file 'talker_node.egg-info/SOURCES.txt'
reading manifest file 'talker_node.egg-info/SOURCES.txt'
writing manifest file 'talker_node.egg-info/SOURCES.txt'
running build_ext
Creating /ros2_ws/install/talker_node/lib/python3.12/site-packages/talker-node.egg-link (link to .)
Installing talker_node script to /ros2_ws/install/talker_node/lib/talker_node

Installed /ros2_ws/build/talker_node
running symlink_data
creating /ros2_ws/install/talker_node/share/ament_index
creating /ros2_ws/install/talker_node/share/ament_index/resource_index
creating /ros2_ws/install/talker_node/share/ament_index/resource_index/packages
symbolically linking /ros2_ws/build/talker_node/resource/talker_node -> /ros2_ws/install/talker_node/share/ament_index/resource_index/packages
symbolically linking /ros2_ws/build/talker_node/package.xml -> /ros2_ws/install/talker_node/share/talker_node
