[1.253s] Invoking command in '/ros2_ws/build/talker_node': PYTHONPATH=/ros2_ws/build/talker_node/prefix_override:/usr/lib/python3/dist-packages/colcon_core/task/python/colcon_distutils_commands:/ros2_ws/install/talker_node/lib/python3.12/site-packages:${PYTHONPATH} /usr/bin/python3 -W ignore:setup.py install is deprecated -W ignore:easy_install command is deprecated setup.py develop --editable --build-directory /ros2_ws/build/talker_node/build --no-deps symlink_data
[1.491s] running develop
[1.632s] running egg_info
[1.632s] creating talker_node.egg-info
[1.645s] writing talker_node.egg-info/PKG-INFO
[1.645s] writing dependency_links to talker_node.egg-info/dependency_links.txt
[1.646s] writing entry points to talker_node.egg-info/entry_points.txt
[1.646s] writing requirements to talker_node.egg-info/requires.txt
[1.646s] writing top-level names to talker_node.egg-info/top_level.txt
[1.646s] writing manifest file 'talker_node.egg-info/SOURCES.txt'
[1.672s] reading manifest file 'talker_node.egg-info/SOURCES.txt'
[1.673s] writing manifest file 'talker_node.egg-info/SOURCES.txt'
[1.687s] running build_ext
[1.687s] Creating /ros2_ws/install/talker_node/lib/python3.12/site-packages/talker-node.egg-link (link to .)
[1.688s] Installing talker_node script to /ros2_ws/install/talker_node/lib/talker_node
[1.688s] 
[1.688s] Installed /ros2_ws/build/talker_node
[1.688s] running symlink_data
[1.689s] creating /ros2_ws/install/talker_node/share/ament_index
[1.689s] creating /ros2_ws/install/talker_node/share/ament_index/resource_index
[1.689s] creating /ros2_ws/install/talker_node/share/ament_index/resource_index/packages
[1.689s] symbolically linking /ros2_ws/build/talker_node/resource/talker_node -> /ros2_ws/install/talker_node/share/ament_index/resource_index/packages
[1.689s] symbolically linking /ros2_ws/build/talker_node/package.xml -> /ros2_ws/install/talker_node/share/talker_node
[1.743s] Invoked command in '/ros2_ws/build/talker_node' returned '0': PYTHONPATH=/ros2_ws/build/talker_node/prefix_override:/usr/lib/python3/dist-packages/colcon_core/task/python/colcon_distutils_commands:/ros2_ws/install/talker_node/lib/python3.12/site-packages:${PYTHONPATH} /usr/bin/python3 -W ignore:setup.py install is deprecated -W ignore:easy_install command is deprecated setup.py develop --editable --build-directory /ros2_ws/build/talker_node/build --no-deps symlink_data
