[0.000000] (-) TimerEvent: {}
[0.000313] (debug_node) JobQueued: {'identifier': 'debug_node', 'dependencies': OrderedDict()}
[0.000373] (gazebo_node) JobQueued: {'identifier': 'gazebo_node', 'dependencies': OrderedDict()}
[0.000407] (listener_node) JobQueued: {'identifier': 'listener_node', 'dependencies': OrderedDict()}
[0.000441] (talker_node) JobQueued: {'identifier': 'talker_node', 'dependencies': OrderedDict()}
[0.000514] (turtlebot_node) JobQueued: {'identifier': 'turtlebot_node', 'dependencies': OrderedDict()}
[0.000543] (debug_node) JobStarted: {'identifier': 'debug_node'}
[0.012601] (gazebo_node) JobStarted: {'identifier': 'gazebo_node'}
[0.019794] (listener_node) JobStarted: {'identifier': 'listener_node'}
[0.023309] (talker_node) JobStarted: {'identifier': 'talker_node'}
[0.026663] (turtlebot_node) JobStarted: {'identifier': 'turtlebot_node'}
[0.099565] (-) TimerEvent: {}
[0.199889] (-) TimerEvent: {}
[0.300195] (-) TimerEvent: {}
[0.400501] (-) TimerEvent: {}
[0.500804] (-) TimerEvent: {}
[0.601102] (-) TimerEvent: {}
[0.701411] (-) TimerEvent: {}
[0.801722] (-) TimerEvent: {}
[0.902011] (-) TimerEvent: {}
[1.002304] (-) TimerEvent: {}
[1.102632] (-) TimerEvent: {}
[1.202957] (-) TimerEvent: {}
[1.263506] (listener_node) Command: {'cmd': ['/usr/bin/python3', '-W', 'ignore:setup.py install is deprecated', '-W', 'ignore:easy_install command is deprecated', 'setup.py', 'develop', '--editable', '--build-directory', '/ros2_ws/build/listener_node/build', '--no-deps', 'symlink_data'], 'cwd': '/ros2_ws/build/listener_node', 'env': {'GZ_CONFIG_PATH': '/opt/ros/jazzy/opt/gz_sim_vendor/share/gz:/opt/ros/jazzy/opt/sdformat_vendor/share/gz:/opt/ros/jazzy/opt/gz_gui_vendor/share/gz:/opt/ros/jazzy/opt/gz_transport_vendor/share/gz:/opt/ros/jazzy/opt/gz_rendering_vendor/share/gz:/opt/ros/jazzy/opt/gz_plugin_vendor/share/gz:/opt/ros/jazzy/opt/gz_fuel_tools_vendor/share/gz:/opt/ros/jazzy/opt/gz_msgs_vendor/share/gz:/opt/ros/jazzy/opt/gz_common_vendor/share/gz', 'HOSTNAME': 'dhyan-LOQ', 'SHLVL': '1', 'LD_LIBRARY_PATH': '/opt/ros/jazzy/opt/gz_sim_vendor/lib:/opt/ros/jazzy/opt/gz_sensors_vendor/lib:/opt/ros/jazzy/opt/gz_physics_vendor/lib:/opt/ros/jazzy/opt/sdformat_vendor/lib:/opt/ros/jazzy/opt/rviz_ogre_vendor/lib:/opt/ros/jazzy/lib/x86_64-linux-gnu:/opt/ros/jazzy/opt/gz_gui_vendor/lib:/opt/ros/jazzy/opt/gz_transport_vendor/lib:/opt/ros/jazzy/opt/gz_rendering_vendor/lib:/opt/ros/jazzy/opt/gz_plugin_vendor/lib:/opt/ros/jazzy/opt/gz_fuel_tools_vendor/lib:/opt/ros/jazzy/opt/gz_msgs_vendor/lib:/opt/ros/jazzy/opt/gz_common_vendor/lib:/opt/ros/jazzy/opt/gz_math_vendor/lib:/opt/ros/jazzy/opt/gz_utils_vendor/lib:/opt/ros/jazzy/opt/gz_tools_vendor/lib:/opt/ros/jazzy/opt/gz_ogre_next_vendor/lib:/opt/ros/jazzy/opt/gz_dartsim_vendor/lib:/opt/ros/jazzy/opt/gz_cmake_vendor/lib:/opt/ros/jazzy/lib', 'HOME': '/root', 'OLDPWD': '/ros2_ws', 'ROS_PYTHON_VERSION': '3', 'ROS_DISTRO': 'jazzy', '_': '/usr/bin/colcon', 'ROS_VERSION': '2', 'NVIDIA_DRIVER_CAPABILITIES': 'all', 'TERM': 'xterm', 'QT_X11_NO_MITSHM': '1', 'PATH': '/opt/ros/jazzy/opt/gz_msgs_vendor/bin:/opt/ros/jazzy/opt/gz_tools_vendor/bin:/opt/ros/jazzy/opt/gz_ogre_next_vendor/bin:/opt/ros/jazzy/bin:/usr/local/sbin:/usr/local/bin:/usr/sbin:/usr/bin:/sbin:/bin', 'DISPLAY': ':0', 'LANG': 'C.UTF-8', 'ROS_DOMAIN_ID': '42', 'AMENT_PREFIX_PATH': '/opt/ros/jazzy', 'DEBIAN_FRONTEND': 'noninteractive', 'ROS_AUTOMATIC_DISCOVERY_RANGE': 'SUBNET', 'PWD': '/ros2_ws/build/listener_node', 'LC_ALL': 'C.UTF-8', 'PYTHONPATH': '/ros2_ws/build/listener_node/prefix_override:/usr/lib/python3/dist-packages/colcon_core/task/python/colcon_distutils_commands:/ros2_ws/install/listener_node/lib/python3.12/site-packages:/opt/ros/jazzy/lib/python3.12/site-packages', 'NVIDIA_VISIBLE_DEVICES': 'all', 'COLCON': '1', 'CMAKE_PREFIX_PATH': '/opt/ros/jazzy/opt/gz_sim_vendor:/opt/ros/jazzy/opt/gz_sensors_vendor:/opt/ros/jazzy/opt/gz_physics_vendor:/opt/ros/jazzy/opt/sdformat_vendor:/opt/ros/jazzy/opt/gz_gui_vendor:/opt/ros/jazzy/opt/gz_transport_vendor:/opt/ros/jazzy/opt/gz_rendering_vendor:/opt/ros/jazzy/opt/gz_plugin_vendor:/opt/ros/jazzy/opt/gz_fuel_tools_vendor:/opt/ros/jazzy/opt/gz_msgs_vendor:/opt/ros/jazzy/opt/gz_common_vendor:/opt/ros/jazzy/opt/gz_math_vendor:/opt/ros/jazzy/opt/gz_utils_vendor:/opt/ros/jazzy/opt/gz_tools_vendor:/opt/ros/jazzy/opt/gz_ogre_next_vendor:/opt/ros/jazzy/opt/gz_dartsim_vendor:/opt/ros/jazzy/opt/gz_cmake_vendor'}, 'shell': False}
[1.270128] (debug_node) Command: {'cmd': ['/usr/bin/python3', '-W', 'ignore:setup.py install is deprecated', '-W', 'ignore:easy_install command is deprecated', 'setup.py', 'develop', '--editable', '--build-directory', '/ros2_ws/build/debug_node/build', '--no-deps', 'symlink_data'], 'cwd': '/ros2_ws/build/debug_node', 'env': {'GZ_CONFIG_PATH': '/opt/ros/jazzy/opt/gz_sim_vendor/share/gz:/opt/ros/jazzy/opt/sdformat_vendor/share/gz:/opt/ros/jazzy/opt/gz_gui_vendor/share/gz:/opt/ros/jazzy/opt/gz_transport_vendor/share/gz:/opt/ros/jazzy/opt/gz_rendering_vendor/share/gz:/opt/ros/jazzy/opt/gz_plugin_vendor/share/gz:/opt/ros/jazzy/opt/gz_fuel_tools_vendor/share/gz:/opt/ros/jazzy/opt/gz_msgs_vendor/share/gz:/opt/ros/jazzy/opt/gz_common_vendor/share/gz', 'HOSTNAME': 'dhyan-LOQ', 'SHLVL': '1', 'LD_LIBRARY_PATH': '/opt/ros/jazzy/opt/gz_sim_vendor/lib:/opt/ros/jazzy/opt/gz_sensors_vendor/lib:/opt/ros/jazzy/opt/gz_physics_vendor/lib:/opt/ros/jazzy/opt/sdformat_vendor/lib:/opt/ros/jazzy/opt/rviz_ogre_vendor/lib:/opt/ros/jazzy/lib/x86_64-linux-gnu:/opt/ros/jazzy/opt/gz_gui_vendor/lib:/opt/ros/jazzy/opt/gz_transport_vendor/lib:/opt/ros/jazzy/opt/gz_rendering_vendor/lib:/opt/ros/jazzy/opt/gz_plugin_vendor/lib:/opt/ros/jazzy/opt/gz_fuel_tools_vendor/lib:/opt/ros/jazzy/opt/gz_msgs_vendor/lib:/opt/ros/jazzy/opt/gz_common_vendor/lib:/opt/ros/jazzy/opt/gz_math_vendor/lib:/opt/ros/jazzy/opt/gz_utils_vendor/lib:/opt/ros/jazzy/opt/gz_tools_vendor/lib:/opt/ros/jazzy/opt/gz_ogre_next_vendor/lib:/opt/ros/jazzy/opt/gz_dartsim_vendor/lib:/opt/ros/jazzy/opt/gz_cmake_vendor/lib:/opt/ros/jazzy/lib', 'HOME': '/root', 'OLDPWD': '/ros2_ws', 'ROS_PYTHON_VERSION': '3', 'ROS_DISTRO': 'jazzy', '_': '/usr/bin/colcon', 'ROS_VERSION': '2', 'NVIDIA_DRIVER_CAPABILITIES': 'all', 'TERM': 'xterm', 'QT_X11_NO_MITSHM': '1', 'PATH': '/opt/ros/jazzy/opt/gz_msgs_vendor/bin:/opt/ros/jazzy/opt/gz_tools_vendor/bin:/opt/ros/jazzy/opt/gz_ogre_next_vendor/bin:/opt/ros/jazzy/bin:/usr/local/sbin:/usr/local/bin:/usr/sbin:/usr/bin:/sbin:/bin', 'DISPLAY': ':0', 'LANG': 'C.UTF-8', 'ROS_DOMAIN_ID': '42', 'AMENT_PREFIX_PATH': '/opt/ros/jazzy', 'DEBIAN_FRONTEND': 'noninteractive', 'ROS_AUTOMATIC_DISCOVERY_RANGE': 'SUBNET', 'PWD': '/ros2_ws/build/debug_node', 'LC_ALL': 'C.UTF-8', 'PYTHONPATH': '/ros2_ws/build/debug_node/prefix_override:/usr/lib/python3/dist-packages/colcon_core/task/python/colcon_distutils_commands:/ros2_ws/install/debug_node/lib/python3.12/site-packages:/opt/ros/jazzy/lib/python3.12/site-packages', 'NVIDIA_VISIBLE_DEVICES': 'all', 'COLCON': '1', 'CMAKE_PREFIX_PATH': '/opt/ros/jazzy/opt/gz_sim_vendor:/opt/ros/jazzy/opt/gz_sensors_vendor:/opt/ros/jazzy/opt/gz_physics_vendor:/opt/ros/jazzy/opt/sdformat_vendor:/opt/ros/jazzy/opt/gz_gui_vendor:/opt/ros/jazzy/opt/gz_transport_vendor:/opt/ros/jazzy/opt/gz_rendering_vendor:/opt/ros/jazzy/opt/gz_plugin_vendor:/opt/ros/jazzy/opt/gz_fuel_tools_vendor:/opt/ros/jazzy/opt/gz_msgs_vendor:/opt/ros/jazzy/opt/gz_common_vendor:/opt/ros/jazzy/opt/gz_math_vendor:/opt/ros/jazzy/opt/gz_utils_vendor:/opt/ros/jazzy/opt/gz_tools_vendor:/opt/ros/jazzy/opt/gz_ogre_next_vendor:/opt/ros/jazzy/opt/gz_dartsim_vendor:/opt/ros/jazzy/opt/gz_cmake_vendor'}, 'shell': False}
[1.272850] (gazebo_node) Command: {'cmd': ['/usr/bin/python3', '-W', 'ignore:setup.py install is deprecated', '-W', 'ignore:easy_install command is deprecated', 'setup.py', 'develop', '--editable', '--build-directory', '/ros2_ws/build/gazebo_node/build', '--no-deps', 'symlink_data'], 'cwd': '/ros2_ws/build/gazebo_node', 'env': {'GZ_CONFIG_PATH': '/opt/ros/jazzy/opt/gz_sim_vendor/share/gz:/opt/ros/jazzy/opt/sdformat_vendor/share/gz:/opt/ros/jazzy/opt/gz_gui_vendor/share/gz:/opt/ros/jazzy/opt/gz_transport_vendor/share/gz:/opt/ros/jazzy/opt/gz_rendering_vendor/share/gz:/opt/ros/jazzy/opt/gz_plugin_vendor/share/gz:/opt/ros/jazzy/opt/gz_fuel_tools_vendor/share/gz:/opt/ros/jazzy/opt/gz_msgs_vendor/share/gz:/opt/ros/jazzy/opt/gz_common_vendor/share/gz', 'HOSTNAME': 'dhyan-LOQ', 'SHLVL': '1', 'LD_LIBRARY_PATH': '/opt/ros/jazzy/opt/gz_sim_vendor/lib:/opt/ros/jazzy/opt/gz_sensors_vendor/lib:/opt/ros/jazzy/opt/gz_physics_vendor/lib:/opt/ros/jazzy/opt/sdformat_vendor/lib:/opt/ros/jazzy/opt/rviz_ogre_vendor/lib:/opt/ros/jazzy/lib/x86_64-linux-gnu:/opt/ros/jazzy/opt/gz_gui_vendor/lib:/opt/ros/jazzy/opt/gz_transport_vendor/lib:/opt/ros/jazzy/opt/gz_rendering_vendor/lib:/opt/ros/jazzy/opt/gz_plugin_vendor/lib:/opt/ros/jazzy/opt/gz_fuel_tools_vendor/lib:/opt/ros/jazzy/opt/gz_msgs_vendor/lib:/opt/ros/jazzy/opt/gz_common_vendor/lib:/opt/ros/jazzy/opt/gz_math_vendor/lib:/opt/ros/jazzy/opt/gz_utils_vendor/lib:/opt/ros/jazzy/opt/gz_tools_vendor/lib:/opt/ros/jazzy/opt/gz_ogre_next_vendor/lib:/opt/ros/jazzy/opt/gz_dartsim_vendor/lib:/opt/ros/jazzy/opt/gz_cmake_vendor/lib:/opt/ros/jazzy/lib', 'HOME': '/root', 'OLDPWD': '/ros2_ws', 'ROS_PYTHON_VERSION': '3', 'ROS_DISTRO': 'jazzy', '_': '/usr/bin/colcon', 'ROS_VERSION': '2', 'NVIDIA_DRIVER_CAPABILITIES': 'all', 'TERM': 'xterm', 'QT_X11_NO_MITSHM': '1', 'PATH': '/opt/ros/jazzy/opt/gz_msgs_vendor/bin:/opt/ros/jazzy/opt/gz_tools_vendor/bin:/opt/ros/jazzy/opt/gz_ogre_next_vendor/bin:/opt/ros/jazzy/bin:/usr/local/sbin:/usr/local/bin:/usr/sbin:/usr/bin:/sbin:/bin', 'DISPLAY': ':0', 'LANG': 'C.UTF-8', 'ROS_DOMAIN_ID': '42', 'AMENT_PREFIX_PATH': '/opt/ros/jazzy', 'DEBIAN_FRONTEND': 'noninteractive', 'ROS_AUTOMATIC_DISCOVERY_RANGE': 'SUBNET', 'PWD': '/ros2_ws/build/gazebo_node', 'LC_ALL': 'C.UTF-8', 'PYTHONPATH': '/ros2_ws/build/gazebo_node/prefix_override:/usr/lib/python3/dist-packages/colcon_core/task/python/colcon_distutils_commands:/ros2_ws/install/gazebo_node/lib/python3.12/site-packages:/opt/ros/jazzy/lib/python3.12/site-packages', 'NVIDIA_VISIBLE_DEVICES': 'all', 'COLCON': '1', 'CMAKE_PREFIX_PATH': '/opt/ros/jazzy/opt/gz_sim_vendor:/opt/ros/jazzy/opt/gz_sensors_vendor:/opt/ros/jazzy/opt/gz_physics_vendor:/opt/ros/jazzy/opt/sdformat_vendor:/opt/ros/jazzy/opt/gz_gui_vendor:/opt/ros/jazzy/opt/gz_transport_vendor:/opt/ros/jazzy/opt/gz_rendering_vendor:/opt/ros/jazzy/opt/gz_plugin_vendor:/opt/ros/jazzy/opt/gz_fuel_tools_vendor:/opt/ros/jazzy/opt/gz_msgs_vendor:/opt/ros/jazzy/opt/gz_common_vendor:/opt/ros/jazzy/opt/gz_math_vendor:/opt/ros/jazzy/opt/gz_utils_vendor:/opt/ros/jazzy/opt/gz_tools_vendor:/opt/ros/jazzy/opt/gz_ogre_next_vendor:/opt/ros/jazzy/opt/gz_dartsim_vendor:/opt/ros/jazzy/opt/gz_cmake_vendor'}, 'shell': False}
[1.275507] (talker_node) Command: {'cmd': ['/usr/bin/python3', '-W', 'ignore:setup.py install is deprecated', '-W', 'ignore:easy_install command is deprecated', 'setup.py', 'develop', '--editable', '--build-directory', '/ros2_ws/build/talker_node/build', '--no-deps', 'symlink_data'], 'cwd': '/ros2_ws/build/talker_node', 'env': {'GZ_CONFIG_PATH': '/opt/ros/jazzy/opt/gz_sim_vendor/share/gz:/opt/ros/jazzy/opt/sdformat_vendor/share/gz:/opt/ros/jazzy/opt/gz_gui_vendor/share/gz:/opt/ros/jazzy/opt/gz_transport_vendor/share/gz:/opt/ros/jazzy/opt/gz_rendering_vendor/share/gz:/opt/ros/jazzy/opt/gz_plugin_vendor/share/gz:/opt/ros/jazzy/opt/gz_fuel_tools_vendor/share/gz:/opt/ros/jazzy/opt/gz_msgs_vendor/share/gz:/opt/ros/jazzy/opt/gz_common_vendor/share/gz', 'HOSTNAME': 'dhyan-LOQ', 'SHLVL': '1', 'LD_LIBRARY_PATH': '/opt/ros/jazzy/opt/gz_sim_vendor/lib:/opt/ros/jazzy/opt/gz_sensors_vendor/lib:/opt/ros/jazzy/opt/gz_physics_vendor/lib:/opt/ros/jazzy/opt/sdformat_vendor/lib:/opt/ros/jazzy/opt/rviz_ogre_vendor/lib:/opt/ros/jazzy/lib/x86_64-linux-gnu:/opt/ros/jazzy/opt/gz_gui_vendor/lib:/opt/ros/jazzy/opt/gz_transport_vendor/lib:/opt/ros/jazzy/opt/gz_rendering_vendor/lib:/opt/ros/jazzy/opt/gz_plugin_vendor/lib:/opt/ros/jazzy/opt/gz_fuel_tools_vendor/lib:/opt/ros/jazzy/opt/gz_msgs_vendor/lib:/opt/ros/jazzy/opt/gz_common_vendor/lib:/opt/ros/jazzy/opt/gz_math_vendor/lib:/opt/ros/jazzy/opt/gz_utils_vendor/lib:/opt/ros/jazzy/opt/gz_tools_vendor/lib:/opt/ros/jazzy/opt/gz_ogre_next_vendor/lib:/opt/ros/jazzy/opt/gz_dartsim_vendor/lib:/opt/ros/jazzy/opt/gz_cmake_vendor/lib:/opt/ros/jazzy/lib', 'HOME': '/root', 'OLDPWD': '/ros2_ws', 'ROS_PYTHON_VERSION': '3', 'ROS_DISTRO': 'jazzy', '_': '/usr/bin/colcon', 'ROS_VERSION': '2', 'NVIDIA_DRIVER_CAPABILITIES': 'all', 'TERM': 'xterm', 'QT_X11_NO_MITSHM': '1', 'PATH': '/opt/ros/jazzy/opt/gz_msgs_vendor/bin:/opt/ros/jazzy/opt/gz_tools_vendor/bin:/opt/ros/jazzy/opt/gz_ogre_next_vendor/bin:/opt/ros/jazzy/bin:/usr/local/sbin:/usr/local/bin:/usr/sbin:/usr/bin:/sbin:/bin', 'DISPLAY': ':0', 'LANG': 'C.UTF-8', 'ROS_DOMAIN_ID': '42', 'AMENT_PREFIX_PATH': '/opt/ros/jazzy', 'DEBIAN_FRONTEND': 'noninteractive', 'ROS_AUTOMATIC_DISCOVERY_RANGE': 'SUBNET', 'PWD': '/ros2_ws/build/talker_node', 'LC_ALL': 'C.UTF-8', 'PYTHONPATH': '/ros2_ws/build/talker_node/prefix_override:/usr/lib/python3/dist-packages/colcon_core/task/python/colcon_distutils_commands:/ros2_ws/install/talker_node/lib/python3.12/site-packages:/opt/ros/jazzy/lib/python3.12/site-packages', 'NVIDIA_VISIBLE_DEVICES': 'all', 'COLCON': '1', 'CMAKE_PREFIX_PATH': '/opt/ros/jazzy/opt/gz_sim_vendor:/opt/ros/jazzy/opt/gz_sensors_vendor:/opt/ros/jazzy/opt/gz_physics_vendor:/opt/ros/jazzy/opt/sdformat_vendor:/opt/ros/jazzy/opt/gz_gui_vendor:/opt/ros/jazzy/opt/gz_transport_vendor:/opt/ros/jazzy/opt/gz_rendering_vendor:/opt/ros/jazzy/opt/gz_plugin_vendor:/opt/ros/jazzy/opt/gz_fuel_tools_vendor:/opt/ros/jazzy/opt/gz_msgs_vendor:/opt/ros/jazzy/opt/gz_common_vendor:/opt/ros/jazzy/opt/gz_math_vendor:/opt/ros/jazzy/opt/gz_utils_vendor:/opt/ros/jazzy/opt/gz_tools_vendor:/opt/ros/jazzy/opt/gz_ogre_next_vendor:/opt/ros/jazzy/opt/gz_dartsim_vendor:/opt/ros/jazzy/opt/gz_cmake_vendor'}, 'shell': False}
[1.281497] (turtlebot_node) Command: {'cmd': ['/usr/bin/python3', '-W', 'ignore:setup.py install is deprecated', '-W', 'ignore:easy_install command is deprecated', 'setup.py', 'develop', '--editable', '--build-directory', '/ros2_ws/build/turtlebot_node/build', '--no-deps', 'symlink_data'], 'cwd': '/ros2_ws/build/turtlebot_node', 'env': {'GZ_CONFIG_PATH': '/opt/ros/jazzy/opt/gz_sim_vendor/share/gz:/opt/ros/jazzy/opt/sdformat_vendor/share/gz:/opt/ros/jazzy/opt/gz_gui_vendor/share/gz:/opt/ros/jazzy/opt/gz_transport_vendor/share/gz:/opt/ros/jazzy/opt/gz_rendering_vendor/share/gz:/opt/ros/jazzy/opt/gz_plugin_vendor/share/gz:/opt/ros/jazzy/opt/gz_fuel_tools_vendor/share/gz:/opt/ros/jazzy/opt/gz_msgs_vendor/share/gz:/opt/ros/jazzy/opt/gz_common_vendor/share/gz', 'HOSTNAME': 'dhyan-LOQ', 'SHLVL': '1', 'LD_LIBRARY_PATH': '/opt/ros/jazzy/opt/gz_sim_vendor/lib:/opt/ros/jazzy/opt/gz_sensors_vendor/lib:/opt/ros/jazzy/opt/gz_physics_vendor/lib:/opt/ros/jazzy/opt/sdformat_vendor/lib:/opt/ros/jazzy/opt/rviz_ogre_vendor/lib:/opt/ros/jazzy/lib/x86_64-linux-gnu:/opt/ros/jazzy/opt/gz_gui_vendor/lib:/opt/ros/jazzy/opt/gz_transport_vendor/lib:/opt/ros/jazzy/opt/gz_rendering_vendor/lib:/opt/ros/jazzy/opt/gz_plugin_vendor/lib:/opt/ros/jazzy/opt/gz_fuel_tools_vendor/lib:/opt/ros/jazzy/opt/gz_msgs_vendor/lib:/opt/ros/jazzy/opt/gz_common_vendor/lib:/opt/ros/jazzy/opt/gz_math_vendor/lib:/opt/ros/jazzy/opt/gz_utils_vendor/lib:/opt/ros/jazzy/opt/gz_tools_vendor/lib:/opt/ros/jazzy/opt/gz_ogre_next_vendor/lib:/opt/ros/jazzy/opt/gz_dartsim_vendor/lib:/opt/ros/jazzy/opt/gz_cmake_vendor/lib:/opt/ros/jazzy/lib', 'HOME': '/root', 'OLDPWD': '/ros2_ws', 'ROS_PYTHON_VERSION': '3', 'ROS_DISTRO': 'jazzy', '_': '/usr/bin/colcon', 'ROS_VERSION': '2', 'NVIDIA_DRIVER_CAPABILITIES': 'all', 'TERM': 'xterm', 'QT_X11_NO_MITSHM': '1', 'PATH': '/opt/ros/jazzy/opt/gz_msgs_vendor/bin:/opt/ros/jazzy/opt/gz_tools_vendor/bin:/opt/ros/jazzy/opt/gz_ogre_next_vendor/bin:/opt/ros/jazzy/bin:/usr/local/sbin:/usr/local/bin:/usr/sbin:/usr/bin:/sbin:/bin', 'DISPLAY': ':0', 'LANG': 'C.UTF-8', 'ROS_DOMAIN_ID': '42', 'AMENT_PREFIX_PATH': '/opt/ros/jazzy', 'DEBIAN_FRONTEND': 'noninteractive', 'ROS_AUTOMATIC_DISCOVERY_RANGE': 'SUBNET', 'PWD': '/ros2_ws/build/turtlebot_node', 'LC_ALL': 'C.UTF-8', 'PYTHONPATH': '/ros2_ws/build/turtlebot_node/prefix_override:/usr/lib/python3/dist-packages/colcon_core/task/python/colcon_distutils_commands:/ros2_ws/install/turtlebot_node/lib/python3.12/site-packages:/opt/ros/jazzy/lib/python3.12/site-packages', 'NVIDIA_VISIBLE_DEVICES': 'all', 'COLCON': '1', 'CMAKE_PREFIX_PATH': '/opt/ros/jazzy/opt/gz_sim_vendor:/opt/ros/jazzy/opt/gz_sensors_vendor:/opt/ros/jazzy/opt/gz_physics_vendor:/opt/ros/jazzy/opt/sdformat_vendor:/opt/ros/jazzy/opt/gz_gui_vendor:/opt/ros/jazzy/opt/gz_transport_vendor:/opt/ros/jazzy/opt/gz_rendering_vendor:/opt/ros/jazzy/opt/gz_plugin_vendor:/opt/ros/jazzy/opt/gz_fuel_tools_vendor:/opt/ros/jazzy/opt/gz_msgs_vendor:/opt/ros/jazzy/opt/gz_common_vendor:/opt/ros/jazzy/opt/gz_math_vendor:/opt/ros/jazzy/opt/gz_utils_vendor:/opt/ros/jazzy/opt/gz_tools_vendor:/opt/ros/jazzy/opt/gz_ogre_next_vendor:/opt/ros/jazzy/opt/gz_dartsim_vendor:/opt/ros/jazzy/opt/gz_cmake_vendor'}, 'shell': False}
[1.303058] (-) TimerEvent: {}
[1.403380] (-) TimerEvent: {}
[1.503712] (-) TimerEvent: {}
[1.506130] (debug_node) StdoutLine: {'line': b'running develop\n'}
[1.514488] (talker_node) StdoutLine: {'line': b'running develop\n'}
[1.515627] (listener_node) StdoutLine: {'line': b'running develop\n'}
[1.516406] (turtlebot_node) StdoutLine: {'line': b'running develop\n'}
[1.516680] (gazebo_node) StdoutLine: {'line': b'running develop\n'}
[1.603809] (-) TimerEvent: {}
[1.644479] (debug_node) StdoutLine: {'line': b'running egg_info\n'}
[1.644754] (debug_node) StdoutLine: {'line': b'creating debug_node.egg-info\n'}
[1.654739] (gazebo_node) StdoutLine: {'line': b'running egg_info\n'}
[1.654947] (gazebo_node) StdoutLine: {'line': b'creating gazebo_node.egg-info\n'}
[1.655093] (talker_node) StdoutLine: {'line': b'running egg_info\n'}
[1.655225] (talker_node) StdoutLine: {'line': b'creating talker_node.egg-info\n'}
[1.656385] (turtlebot_node) StdoutLine: {'line': b'running egg_info\n'}
[1.656531] (turtlebot_node) StdoutLine: {'line': b'creating turtlebot_node.egg-info\n'}
[1.657288] (debug_node) StdoutLine: {'line': b'writing debug_node.egg-info/PKG-INFO\n'}
[1.657485] (debug_node) StdoutLine: {'line': b'writing dependency_links to debug_node.egg-info/dependency_links.txt\n'}
[1.657643] (debug_node) StdoutLine: {'line': b'writing entry points to debug_node.egg-info/entry_points.txt\n'}
[1.657811] (debug_node) StdoutLine: {'line': b'writing requirements to debug_node.egg-info/requires.txt\n'}
[1.657957] (debug_node) StdoutLine: {'line': b'writing top-level names to debug_node.egg-info/top_level.txt\n'}
[1.658079] (debug_node) StdoutLine: {'line': b"writing manifest file 'debug_node.egg-info/SOURCES.txt'\n"}
[1.658511] (listener_node) StdoutLine: {'line': b'running egg_info\n'}
[1.658676] (listener_node) StdoutLine: {'line': b'creating listener_node.egg-info\n'}
[1.667630] (gazebo_node) StdoutLine: {'line': b'writing gazebo_node.egg-info/PKG-INFO\n'}
[1.667938] (gazebo_node) StdoutLine: {'line': b'writing dependency_links to gazebo_node.egg-info/dependency_links.txt\n'}
[1.668170] (talker_node) StdoutLine: {'line': b'writing talker_node.egg-info/PKG-INFO\n'}
[1.668387] (gazebo_node) StdoutLine: {'line': b'writing entry points to gazebo_node.egg-info/entry_points.txt\n'}
[1.668572] (gazebo_node) StdoutLine: {'line': b'writing requirements to gazebo_node.egg-info/requires.txt\n'}
[1.668700] (talker_node) StdoutLine: {'line': b'writing dependency_links to talker_node.egg-info/dependency_links.txt\n'}
[1.668819] (gazebo_node) StdoutLine: {'line': b'writing top-level names to gazebo_node.egg-info/top_level.txt\n'}
[1.668936] (gazebo_node) StdoutLine: {'line': b"writing manifest file 'gazebo_node.egg-info/SOURCES.txt'\n"}
[1.669048] (talker_node) StdoutLine: {'line': b'writing entry points to talker_node.egg-info/entry_points.txt\n'}
[1.669163] (talker_node) StdoutLine: {'line': b'writing requirements to talker_node.egg-info/requires.txt\n'}
[1.669278] (talker_node) StdoutLine: {'line': b'writing top-level names to talker_node.egg-info/top_level.txt\n'}
[1.669391] (talker_node) StdoutLine: {'line': b"writing manifest file 'talker_node.egg-info/SOURCES.txt'\n"}
[1.670062] (turtlebot_node) StdoutLine: {'line': b'writing turtlebot_node.egg-info/PKG-INFO\n'}
[1.670434] (turtlebot_node) StdoutLine: {'line': b'writing dependency_links to turtlebot_node.egg-info/dependency_links.txt\n'}
[1.670670] (turtlebot_node) StdoutLine: {'line': b'writing entry points to turtlebot_node.egg-info/entry_points.txt\n'}
[1.670909] (turtlebot_node) StdoutLine: {'line': b'writing requirements to turtlebot_node.egg-info/requires.txt\n'}
[1.671091] (turtlebot_node) StdoutLine: {'line': b'writing top-level names to turtlebot_node.egg-info/top_level.txt\n'}
[1.671269] (turtlebot_node) StdoutLine: {'line': b"writing manifest file 'turtlebot_node.egg-info/SOURCES.txt'\n"}
[1.673769] (listener_node) StdoutLine: {'line': b'writing listener_node.egg-info/PKG-INFO\n'}
[1.673990] (listener_node) StdoutLine: {'line': b'writing dependency_links to listener_node.egg-info/dependency_links.txt\n'}
[1.674142] (listener_node) StdoutLine: {'line': b'writing entry points to listener_node.egg-info/entry_points.txt\n'}
[1.674316] (listener_node) StdoutLine: {'line': b'writing requirements to listener_node.egg-info/requires.txt\n'}
[1.674459] (listener_node) StdoutLine: {'line': b'writing top-level names to listener_node.egg-info/top_level.txt\n'}
[1.674580] (listener_node) StdoutLine: {'line': b"writing manifest file 'listener_node.egg-info/SOURCES.txt'\n"}
[1.684947] (debug_node) StdoutLine: {'line': b"reading manifest file 'debug_node.egg-info/SOURCES.txt'\n"}
[1.685385] (debug_node) StdoutLine: {'line': b"writing manifest file 'debug_node.egg-info/SOURCES.txt'\n"}
[1.694685] (gazebo_node) StdoutLine: {'line': b"reading manifest file 'gazebo_node.egg-info/SOURCES.txt'\n"}
[1.695129] (gazebo_node) StdoutLine: {'line': b"writing manifest file 'gazebo_node.egg-info/SOURCES.txt'\n"}
[1.695713] (talker_node) StdoutLine: {'line': b"reading manifest file 'talker_node.egg-info/SOURCES.txt'\n"}
[1.696175] (talker_node) StdoutLine: {'line': b"writing manifest file 'talker_node.egg-info/SOURCES.txt'\n"}
[1.699004] (turtlebot_node) StdoutLine: {'line': b"reading manifest file 'turtlebot_node.egg-info/SOURCES.txt'\n"}
[1.699535] (debug_node) StdoutLine: {'line': b'running build_ext\n'}
[1.699793] (turtlebot_node) StdoutLine: {'line': b"writing manifest file 'turtlebot_node.egg-info/SOURCES.txt'\n"}
[1.699939] (debug_node) StdoutLine: {'line': b'Creating /ros2_ws/install/debug_node/lib/python3.12/site-packages/debug-node.egg-link (link to .)\n'}
[1.700121] (debug_node) StdoutLine: {'line': b'Installing debug_node script to /ros2_ws/install/debug_node/lib/debug_node\n'}
[1.700319] (debug_node) StdoutLine: {'line': b'\n'}
[1.700481] (debug_node) StdoutLine: {'line': b'Installed /ros2_ws/build/debug_node\n'}
[1.700682] (debug_node) StdoutLine: {'line': b'running symlink_data\n'}
[1.700822] (debug_node) StdoutLine: {'line': b'creating /ros2_ws/install/debug_node/share/ament_index\n'}
[1.700938] (debug_node) StdoutLine: {'line': b'creating /ros2_ws/install/debug_node/share/ament_index/resource_index\n'}
[1.701052] (debug_node) StdoutLine: {'line': b'creating /ros2_ws/install/debug_node/share/ament_index/resource_index/packages\n'}
[1.701165] (debug_node) StdoutLine: {'line': b'symbolically linking /ros2_ws/build/debug_node/resource/debug_node -> /ros2_ws/install/debug_node/share/ament_index/resource_index/packages\n'}
[1.701327] (debug_node) StdoutLine: {'line': b'symbolically linking /ros2_ws/build/debug_node/package.xml -> /ros2_ws/install/debug_node/share/debug_node\n'}
[1.701445] (listener_node) StdoutLine: {'line': b"reading manifest file 'listener_node.egg-info/SOURCES.txt'\n"}
[1.701712] (listener_node) StdoutLine: {'line': b"writing manifest file 'listener_node.egg-info/SOURCES.txt'\n"}
[1.703881] (-) TimerEvent: {}
[1.710079] (talker_node) StdoutLine: {'line': b'running build_ext\n'}
[1.710306] (talker_node) StdoutLine: {'line': b'Creating /ros2_ws/install/talker_node/lib/python3.12/site-packages/talker-node.egg-link (link to .)\n'}
[1.710899] (talker_node) StdoutLine: {'line': b'Installing talker_node script to /ros2_ws/install/talker_node/lib/talker_node\n'}
[1.711168] (talker_node) StdoutLine: {'line': b'\n'}
[1.711473] (talker_node) StdoutLine: {'line': b'Installed /ros2_ws/build/talker_node\n'}
[1.711735] (talker_node) StdoutLine: {'line': b'running symlink_data\n'}
[1.711911] (talker_node) StdoutLine: {'line': b'creating /ros2_ws/install/talker_node/share/ament_index\n'}
[1.712090] (talker_node) StdoutLine: {'line': b'creating /ros2_ws/install/talker_node/share/ament_index/resource_index\n'}
[1.712258] (talker_node) StdoutLine: {'line': b'creating /ros2_ws/install/talker_node/share/ament_index/resource_index/packages\n'}
[1.712452] (talker_node) StdoutLine: {'line': b'symbolically linking /ros2_ws/build/talker_node/resource/talker_node -> /ros2_ws/install/talker_node/share/ament_index/resource_index/packages\n'}
[1.712690] (talker_node) StdoutLine: {'line': b'symbolically linking /ros2_ws/build/talker_node/package.xml -> /ros2_ws/install/talker_node/share/talker_node\n'}
[1.712904] (gazebo_node) StdoutLine: {'line': b'running build_ext\n'}
[1.713089] (gazebo_node) StdoutLine: {'line': b'Creating /ros2_ws/install/gazebo_node/lib/python3.12/site-packages/gazebo-node.egg-link (link to .)\n'}
[1.713256] (gazebo_node) StdoutLine: {'line': b'Installing gazebo_node script to /ros2_ws/install/gazebo_node/lib/gazebo_node\n'}
[1.713420] (gazebo_node) StdoutLine: {'line': b'\n'}
[1.713584] (gazebo_node) StdoutLine: {'line': b'Installed /ros2_ws/build/gazebo_node\n'}
[1.713748] (gazebo_node) StdoutLine: {'line': b'running symlink_data\n'}
[1.713913] (gazebo_node) StdoutLine: {'line': b'creating /ros2_ws/install/gazebo_node/share/ament_index\n'}
[1.714120] (gazebo_node) StdoutLine: {'line': b'creating /ros2_ws/install/gazebo_node/share/ament_index/resource_index\n'}
[1.714318] (gazebo_node) StdoutLine: {'line': b'creating /ros2_ws/install/gazebo_node/share/ament_index/resource_index/packages\n'}
[1.714481] (gazebo_node) StdoutLine: {'line': b'symbolically linking /ros2_ws/build/gazebo_node/resource/gazebo_node -> /ros2_ws/install/gazebo_node/share/ament_index/resource_index/packages\n'}
[1.714641] (gazebo_node) StdoutLine: {'line': b'symbolically linking /ros2_ws/build/gazebo_node/package.xml -> /ros2_ws/install/gazebo_node/share/gazebo_node\n'}
[1.714817] (gazebo_node) StdoutLine: {'line': b'creating /ros2_ws/install/gazebo_node/share/gazebo_node/launch\n'}
[1.714982] (gazebo_node) StdoutLine: {'line': b'symbolically linking /ros2_ws/build/gazebo_node/launch/gazebo.launch.py -> /ros2_ws/install/gazebo_node/share/gazebo_node/launch\n'}
[1.715211] (turtlebot_node) StdoutLine: {'line': b'running build_ext\n'}
[1.715450] (turtlebot_node) StdoutLine: {'line': b'Creating /ros2_ws/install/turtlebot_node/lib/python3.12/site-packages/turtlebot-node.egg-link (link to .)\n'}
[1.715696] (turtlebot_node) StdoutLine: {'line': b'Installing turtlebot script to /ros2_ws/install/turtlebot_node/lib/turtlebot_node\n'}
[1.715875] (turtlebot_node) StdoutLine: {'line': b'\n'}
[1.716039] (turtlebot_node) StdoutLine: {'line': b'Installed /ros2_ws/build/turtlebot_node\n'}
[1.716206] (turtlebot_node) StdoutLine: {'line': b'running symlink_data\n'}
[1.716367] (turtlebot_node) StdoutLine: {'line': b'creating /ros2_ws/install/turtlebot_node/share/ament_index\n'}
[1.716528] (turtlebot_node) StdoutLine: {'line': b'creating /ros2_ws/install/turtlebot_node/share/ament_index/resource_index\n'}
[1.716746] (turtlebot_node) StdoutLine: {'line': b'creating /ros2_ws/install/turtlebot_node/share/ament_index/resource_index/packages\n'}
[1.716910] (turtlebot_node) StdoutLine: {'line': b'symbolically linking /ros2_ws/build/turtlebot_node/resource/turtlebot_node -> /ros2_ws/install/turtlebot_node/share/ament_index/resource_index/packages\n'}
[1.717071] (turtlebot_node) StdoutLine: {'line': b'symbolically linking /ros2_ws/build/turtlebot_node/package.xml -> /ros2_ws/install/turtlebot_node/share/turtlebot_node\n'}
[1.717248] (turtlebot_node) StdoutLine: {'line': b'creating /ros2_ws/install/turtlebot_node/share/turtlebot_node/launch\n'}
[1.717412] (turtlebot_node) StdoutLine: {'line': b'symbolically linking /ros2_ws/build/turtlebot_node/launch/spawn_turtlebot.launch.py -> /ros2_ws/install/turtlebot_node/share/turtlebot_node/launch\n'}
[1.717599] (listener_node) StdoutLine: {'line': b'running build_ext\n'}
[1.717849] (listener_node) StdoutLine: {'line': b'Creating /ros2_ws/install/listener_node/lib/python3.12/site-packages/listener-node.egg-link (link to .)\n'}
[1.718070] (listener_node) StdoutLine: {'line': b'Installing listener_node script to /ros2_ws/install/listener_node/lib/listener_node\n'}
[1.718271] (listener_node) StdoutLine: {'line': b'\n'}
[1.718461] (listener_node) StdoutLine: {'line': b'Installed /ros2_ws/build/listener_node\n'}
[1.718600] (listener_node) StdoutLine: {'line': b'running symlink_data\n'}
[1.718719] (listener_node) StdoutLine: {'line': b'creating /ros2_ws/install/listener_node/share/ament_index\n'}
[1.718839] (listener_node) StdoutLine: {'line': b'creating /ros2_ws/install/listener_node/share/ament_index/resource_index\n'}
[1.718956] (listener_node) StdoutLine: {'line': b'creating /ros2_ws/install/listener_node/share/ament_index/resource_index/packages\n'}
[1.719070] (listener_node) StdoutLine: {'line': b'symbolically linking /ros2_ws/build/listener_node/resource/listener_node -> /ros2_ws/install/listener_node/share/ament_index/resource_index/packages\n'}
[1.719184] (listener_node) StdoutLine: {'line': b'symbolically linking /ros2_ws/build/listener_node/package.xml -> /ros2_ws/install/listener_node/share/listener_node\n'}
[1.719297] (listener_node) StdoutLine: {'line': b'creating /ros2_ws/install/listener_node/share/listener_node/launch\n'}
[1.719411] (listener_node) StdoutLine: {'line': b'symbolically linking /ros2_ws/build/listener_node/launch/listener_launch.py -> /ros2_ws/install/listener_node/share/listener_node/launch\n'}
[1.738651] (debug_node) CommandEnded: {'returncode': 0}
[1.755358] (debug_node) JobEnded: {'identifier': 'debug_node', 'rc': 0}
[1.757853] (gazebo_node) CommandEnded: {'returncode': 0}
[1.764685] (gazebo_node) JobEnded: {'identifier': 'gazebo_node', 'rc': 0}
[1.766350] (talker_node) CommandEnded: {'returncode': 0}
[1.771999] (talker_node) JobEnded: {'identifier': 'talker_node', 'rc': 0}
[1.773085] (turtlebot_node) CommandEnded: {'returncode': 0}
[1.777823] (turtlebot_node) JobEnded: {'identifier': 'turtlebot_node', 'rc': 0}
[1.778895] (listener_node) CommandEnded: {'returncode': 0}
[1.784015] (listener_node) JobEnded: {'identifier': 'listener_node', 'rc': 0}
[1.784934] (-) EventReactorShutdown: {}
