[0.087s] DEBUG:colcon:Command line arguments: ['/usr/bin/colcon', 'build', '--symlink-install']
[0.087s] DEBUG:colcon:Parsed command line arguments: Namespace(log_base=None, log_level=None, verb_name='build', build_base='build', install_base='install', merge_install=False, symlink_install=True, test_result_base=None, continue_on_error=False, executor='parallel', parallel_workers=16, event_handlers=None, ignore_user_meta=False, metas=['./colcon.meta'], base_paths=['.'], packages_ignore=None, packages_ignore_regex=None, paths=None, packages_up_to=None, packages_up_to_regex=None, packages_above=None, packages_above_and_dependencies=None, packages_above_depth=None, packages_select_by_dep=None, packages_skip_by_dep=None, packages_skip_up_to=None, packages_select_build_failed=False, packages_skip_build_finished=False, packages_select_test_failures=False, packages_skip_test_passed=False, packages_select=None, packages_skip=None, packages_select_regex=None, packages_skip_regex=None, packages_start=None, packages_end=None, cmake_args=None, cmake_target=None, cmake_target_skip_unavailable=False, cmake_clean_cache=False, cmake_clean_first=False, cmake_force_configure=False, ament_cmake_args=None, catkin_cmake_args=None, catkin_skip_building_tests=False, mixin_files=None, mixin=None, verb_parser=<colcon_mixin.mixin.mixin_argument.MixinArgumentDecorator object at 0x7f0b24a6cb90>, verb_extension=<colcon_core.verb.build.BuildVerb object at 0x7f0b24a6c830>, main=<bound method BuildVerb.main of <colcon_core.verb.build.BuildVerb object at 0x7f0b24a6c830>>, mixin_verb=('build',))
[0.117s] Level 1:colcon.colcon_core.package_discovery:discover_packages(colcon_meta) check parameters
[0.117s] INFO:colcon.colcon_metadata.package_discovery.colcon_meta:Using configuration from '/root/.colcon/metadata/default/Gazebo.meta'
[0.117s] INFO:colcon.colcon_metadata.package_discovery.colcon_meta:Using configuration from '/root/.colcon/metadata/default/fastrtps.meta'
[0.117s] Level 1:colcon.colcon_core.package_discovery:discover_packages(recursive) check parameters
[0.117s] Level 1:colcon.colcon_core.package_discovery:discover_packages(ignore) check parameters
[0.117s] Level 1:colcon.colcon_core.package_discovery:discover_packages(path) check parameters
[0.117s] Level 1:colcon.colcon_core.package_discovery:discover_packages(colcon_meta) discover
[0.118s] Level 1:colcon.colcon_core.package_discovery:discover_packages(recursive) discover
[0.118s] INFO:colcon.colcon_core.package_discovery:Crawling recursively for packages in '/ros2_ws'
[0.118s] Level 1:colcon.colcon_core.package_identification:_identify(.) by extensions ['ignore', 'ignore_ament_install']
[0.118s] Level 1:colcon.colcon_core.package_identification:_identify(.) by extension 'ignore'
[0.118s] Level 1:colcon.colcon_core.package_identification:_identify(.) by extension 'ignore_ament_install'
[0.118s] Level 1:colcon.colcon_core.package_identification:_identify(.) by extensions ['colcon_pkg']
[0.118s] Level 1:colcon.colcon_core.package_identification:_identify(.) by extension 'colcon_pkg'
[0.118s] Level 1:colcon.colcon_core.package_identification:_identify(.) by extensions ['colcon_meta']
[0.118s] Level 1:colcon.colcon_core.package_identification:_identify(.) by extension 'colcon_meta'
[0.118s] Level 1:colcon.colcon_core.package_identification:_identify(.) by extensions ['ros']
[0.118s] Level 1:colcon.colcon_core.package_identification:_identify(.) by extension 'ros'
[0.135s] Level 1:colcon.colcon_core.package_identification:_identify(.) by extensions ['cmake', 'python']
[0.135s] Level 1:colcon.colcon_core.package_identification:_identify(.) by extension 'cmake'
[0.135s] Level 1:colcon.colcon_core.package_identification:_identify(.) by extension 'python'
[0.135s] Level 1:colcon.colcon_core.package_identification:_identify(.) by extensions ['python_setup_py']
[0.136s] Level 1:colcon.colcon_core.package_identification:_identify(.) by extension 'python_setup_py'
[0.136s] Level 1:colcon.colcon_core.package_identification:_identify(build) by extensions ['ignore', 'ignore_ament_install']
[0.136s] Level 1:colcon.colcon_core.package_identification:_identify(build) by extension 'ignore'
[0.136s] Level 1:colcon.colcon_core.package_identification:_identify(build) ignored
[0.136s] Level 1:colcon.colcon_core.package_identification:_identify(install) by extensions ['ignore', 'ignore_ament_install']
[0.136s] Level 1:colcon.colcon_core.package_identification:_identify(install) by extension 'ignore'
[0.136s] Level 1:colcon.colcon_core.package_identification:_identify(install) ignored
[0.136s] Level 1:colcon.colcon_core.package_identification:_identify(log) by extensions ['ignore', 'ignore_ament_install']
[0.136s] Level 1:colcon.colcon_core.package_identification:_identify(log) by extension 'ignore'
[0.136s] Level 1:colcon.colcon_core.package_identification:_identify(log) ignored
[0.136s] Level 1:colcon.colcon_core.package_identification:_identify(src) by extensions ['ignore', 'ignore_ament_install']
[0.136s] Level 1:colcon.colcon_core.package_identification:_identify(src) by extension 'ignore'
[0.136s] Level 1:colcon.colcon_core.package_identification:_identify(src) by extension 'ignore_ament_install'
[0.136s] Level 1:colcon.colcon_core.package_identification:_identify(src) by extensions ['colcon_pkg']
[0.136s] Level 1:colcon.colcon_core.package_identification:_identify(src) by extension 'colcon_pkg'
[0.136s] Level 1:colcon.colcon_core.package_identification:_identify(src) by extensions ['colcon_meta']
[0.136s] Level 1:colcon.colcon_core.package_identification:_identify(src) by extension 'colcon_meta'
[0.136s] Level 1:colcon.colcon_core.package_identification:_identify(src) by extensions ['ros']
[0.136s] Level 1:colcon.colcon_core.package_identification:_identify(src) by extension 'ros'
[0.136s] Level 1:colcon.colcon_core.package_identification:_identify(src) by extensions ['cmake', 'python']
[0.136s] Level 1:colcon.colcon_core.package_identification:_identify(src) by extension 'cmake'
[0.137s] Level 1:colcon.colcon_core.package_identification:_identify(src) by extension 'python'
[0.137s] Level 1:colcon.colcon_core.package_identification:_identify(src) by extensions ['python_setup_py']
[0.137s] Level 1:colcon.colcon_core.package_identification:_identify(src) by extension 'python_setup_py'
[0.137s] Level 1:colcon.colcon_core.package_identification:_identify(src/debug_node) by extensions ['ignore', 'ignore_ament_install']
[0.137s] Level 1:colcon.colcon_core.package_identification:_identify(src/debug_node) by extension 'ignore'
[0.137s] Level 1:colcon.colcon_core.package_identification:_identify(src/debug_node) by extension 'ignore_ament_install'
[0.137s] Level 1:colcon.colcon_core.package_identification:_identify(src/debug_node) by extensions ['colcon_pkg']
[0.137s] Level 1:colcon.colcon_core.package_identification:_identify(src/debug_node) by extension 'colcon_pkg'
[0.137s] Level 1:colcon.colcon_core.package_identification:_identify(src/debug_node) by extensions ['colcon_meta']
[0.137s] Level 1:colcon.colcon_core.package_identification:_identify(src/debug_node) by extension 'colcon_meta'
[0.137s] Level 1:colcon.colcon_core.package_identification:_identify(src/debug_node) by extensions ['ros']
[0.137s] Level 1:colcon.colcon_core.package_identification:_identify(src/debug_node) by extension 'ros'
[0.139s] DEBUG:colcon.colcon_core.package_identification:Package 'src/debug_node' with type 'ros.ament_python' and name 'debug_node'
[0.139s] Level 1:colcon.colcon_core.package_identification:_identify(src/gazebo_node) by extensions ['ignore', 'ignore_ament_install']
[0.139s] Level 1:colcon.colcon_core.package_identification:_identify(src/gazebo_node) by extension 'ignore'
[0.139s] Level 1:colcon.colcon_core.package_identification:_identify(src/gazebo_node) by extension 'ignore_ament_install'
[0.139s] Level 1:colcon.colcon_core.package_identification:_identify(src/gazebo_node) by extensions ['colcon_pkg']
[0.139s] Level 1:colcon.colcon_core.package_identification:_identify(src/gazebo_node) by extension 'colcon_pkg'
[0.139s] Level 1:colcon.colcon_core.package_identification:_identify(src/gazebo_node) by extensions ['colcon_meta']
[0.139s] Level 1:colcon.colcon_core.package_identification:_identify(src/gazebo_node) by extension 'colcon_meta'
[0.139s] Level 1:colcon.colcon_core.package_identification:_identify(src/gazebo_node) by extensions ['ros']
[0.139s] Level 1:colcon.colcon_core.package_identification:_identify(src/gazebo_node) by extension 'ros'
[0.140s] DEBUG:colcon.colcon_core.package_identification:Package 'src/gazebo_node' with type 'ros.ament_python' and name 'gazebo_node'
[0.140s] Level 1:colcon.colcon_core.package_identification:_identify(src/listener_node) by extensions ['ignore', 'ignore_ament_install']
[0.140s] Level 1:colcon.colcon_core.package_identification:_identify(src/listener_node) by extension 'ignore'
[0.140s] Level 1:colcon.colcon_core.package_identification:_identify(src/listener_node) by extension 'ignore_ament_install'
[0.140s] Level 1:colcon.colcon_core.package_identification:_identify(src/listener_node) by extensions ['colcon_pkg']
[0.140s] Level 1:colcon.colcon_core.package_identification:_identify(src/listener_node) by extension 'colcon_pkg'
[0.140s] Level 1:colcon.colcon_core.package_identification:_identify(src/listener_node) by extensions ['colcon_meta']
[0.140s] Level 1:colcon.colcon_core.package_identification:_identify(src/listener_node) by extension 'colcon_meta'
[0.140s] Level 1:colcon.colcon_core.package_identification:_identify(src/listener_node) by extensions ['ros']
[0.140s] Level 1:colcon.colcon_core.package_identification:_identify(src/listener_node) by extension 'ros'
[0.140s] DEBUG:colcon.colcon_core.package_identification:Package 'src/listener_node' with type 'ros.ament_python' and name 'listener_node'
[0.140s] Level 1:colcon.colcon_core.package_identification:_identify(src/talker_node) by extensions ['ignore', 'ignore_ament_install']
[0.140s] Level 1:colcon.colcon_core.package_identification:_identify(src/talker_node) by extension 'ignore'
[0.140s] Level 1:colcon.colcon_core.package_identification:_identify(src/talker_node) by extension 'ignore_ament_install'
[0.141s] Level 1:colcon.colcon_core.package_identification:_identify(src/talker_node) by extensions ['colcon_pkg']
[0.141s] Level 1:colcon.colcon_core.package_identification:_identify(src/talker_node) by extension 'colcon_pkg'
[0.141s] Level 1:colcon.colcon_core.package_identification:_identify(src/talker_node) by extensions ['colcon_meta']
[0.141s] Level 1:colcon.colcon_core.package_identification:_identify(src/talker_node) by extension 'colcon_meta'
[0.141s] Level 1:colcon.colcon_core.package_identification:_identify(src/talker_node) by extensions ['ros']
[0.141s] Level 1:colcon.colcon_core.package_identification:_identify(src/talker_node) by extension 'ros'
[0.141s] DEBUG:colcon.colcon_core.package_identification:Package 'src/talker_node' with type 'ros.ament_python' and name 'talker_node'
[0.141s] Level 1:colcon.colcon_core.package_identification:_identify(src/turtlebot_node) by extensions ['ignore', 'ignore_ament_install']
[0.141s] Level 1:colcon.colcon_core.package_identification:_identify(src/turtlebot_node) by extension 'ignore'
[0.141s] Level 1:colcon.colcon_core.package_identification:_identify(src/turtlebot_node) by extension 'ignore_ament_install'
[0.141s] Level 1:colcon.colcon_core.package_identification:_identify(src/turtlebot_node) by extensions ['colcon_pkg']
[0.141s] Level 1:colcon.colcon_core.package_identification:_identify(src/turtlebot_node) by extension 'colcon_pkg'
[0.141s] Level 1:colcon.colcon_core.package_identification:_identify(src/turtlebot_node) by extensions ['colcon_meta']
[0.141s] Level 1:colcon.colcon_core.package_identification:_identify(src/turtlebot_node) by extension 'colcon_meta'
[0.141s] Level 1:colcon.colcon_core.package_identification:_identify(src/turtlebot_node) by extensions ['ros']
[0.141s] Level 1:colcon.colcon_core.package_identification:_identify(src/turtlebot_node) by extension 'ros'
[0.142s] DEBUG:colcon.colcon_core.package_identification:Package 'src/turtlebot_node' with type 'ros.ament_python' and name 'turtlebot_node'
[0.142s] Level 1:colcon.colcon_core.package_discovery:discover_packages(recursive) using defaults
[0.142s] Level 1:colcon.colcon_core.package_discovery:discover_packages(ignore) discover
[0.142s] Level 1:colcon.colcon_core.package_discovery:discover_packages(ignore) using defaults
[0.142s] Level 1:colcon.colcon_core.package_discovery:discover_packages(path) discover
[0.142s] Level 1:colcon.colcon_core.package_discovery:discover_packages(path) using defaults
[0.155s] Level 5:colcon.colcon_core.verb:set package 'debug_node' build argument 'cmake_args' from command line to 'None'
[0.155s] Level 5:colcon.colcon_core.verb:set package 'debug_node' build argument 'cmake_target' from command line to 'None'
[0.155s] Level 5:colcon.colcon_core.verb:set package 'debug_node' build argument 'cmake_target_skip_unavailable' from command line to 'False'
[0.155s] Level 5:colcon.colcon_core.verb:set package 'debug_node' build argument 'cmake_clean_cache' from command line to 'False'
[0.155s] Level 5:colcon.colcon_core.verb:set package 'debug_node' build argument 'cmake_clean_first' from command line to 'False'
[0.155s] Level 5:colcon.colcon_core.verb:set package 'debug_node' build argument 'cmake_force_configure' from command line to 'False'
[0.155s] Level 5:colcon.colcon_core.verb:set package 'debug_node' build argument 'ament_cmake_args' from command line to 'None'
[0.155s] Level 5:colcon.colcon_core.verb:set package 'debug_node' build argument 'catkin_cmake_args' from command line to 'None'
[0.155s] Level 5:colcon.colcon_core.verb:set package 'debug_node' build argument 'catkin_skip_building_tests' from command line to 'False'
[0.155s] DEBUG:colcon.colcon_core.verb:Building package 'debug_node' with the following arguments: {'ament_cmake_args': None, 'build_base': '/ros2_ws/build/debug_node', 'catkin_cmake_args': None, 'catkin_skip_building_tests': False, 'cmake_args': None, 'cmake_clean_cache': False, 'cmake_clean_first': False, 'cmake_force_configure': False, 'cmake_target': None, 'cmake_target_skip_unavailable': False, 'install_base': '/ros2_ws/install/debug_node', 'merge_install': False, 'path': '/ros2_ws/src/debug_node', 'symlink_install': True, 'test_result_base': None}
[0.155s] Level 5:colcon.colcon_core.verb:set package 'gazebo_node' build argument 'cmake_args' from command line to 'None'
[0.155s] Level 5:colcon.colcon_core.verb:set package 'gazebo_node' build argument 'cmake_target' from command line to 'None'
[0.155s] Level 5:colcon.colcon_core.verb:set package 'gazebo_node' build argument 'cmake_target_skip_unavailable' from command line to 'False'
[0.155s] Level 5:colcon.colcon_core.verb:set package 'gazebo_node' build argument 'cmake_clean_cache' from command line to 'False'
[0.155s] Level 5:colcon.colcon_core.verb:set package 'gazebo_node' build argument 'cmake_clean_first' from command line to 'False'
[0.155s] Level 5:colcon.colcon_core.verb:set package 'gazebo_node' build argument 'cmake_force_configure' from command line to 'False'
[0.155s] Level 5:colcon.colcon_core.verb:set package 'gazebo_node' build argument 'ament_cmake_args' from command line to 'None'
[0.155s] Level 5:colcon.colcon_core.verb:set package 'gazebo_node' build argument 'catkin_cmake_args' from command line to 'None'
[0.155s] Level 5:colcon.colcon_core.verb:set package 'gazebo_node' build argument 'catkin_skip_building_tests' from command line to 'False'
[0.155s] DEBUG:colcon.colcon_core.verb:Building package 'gazebo_node' with the following arguments: {'ament_cmake_args': None, 'build_base': '/ros2_ws/build/gazebo_node', 'catkin_cmake_args': None, 'catkin_skip_building_tests': False, 'cmake_args': None, 'cmake_clean_cache': False, 'cmake_clean_first': False, 'cmake_force_configure': False, 'cmake_target': None, 'cmake_target_skip_unavailable': False, 'install_base': '/ros2_ws/install/gazebo_node', 'merge_install': False, 'path': '/ros2_ws/src/gazebo_node', 'symlink_install': True, 'test_result_base': None}
[0.155s] Level 5:colcon.colcon_core.verb:set package 'listener_node' build argument 'cmake_args' from command line to 'None'
[0.155s] Level 5:colcon.colcon_core.verb:set package 'listener_node' build argument 'cmake_target' from command line to 'None'
[0.155s] Level 5:colcon.colcon_core.verb:set package 'listener_node' build argument 'cmake_target_skip_unavailable' from command line to 'False'
[0.155s] Level 5:colcon.colcon_core.verb:set package 'listener_node' build argument 'cmake_clean_cache' from command line to 'False'
[0.155s] Level 5:colcon.colcon_core.verb:set package 'listener_node' build argument 'cmake_clean_first' from command line to 'False'
[0.155s] Level 5:colcon.colcon_core.verb:set package 'listener_node' build argument 'cmake_force_configure' from command line to 'False'
[0.155s] Level 5:colcon.colcon_core.verb:set package 'listener_node' build argument 'ament_cmake_args' from command line to 'None'
[0.156s] Level 5:colcon.colcon_core.verb:set package 'listener_node' build argument 'catkin_cmake_args' from command line to 'None'
[0.156s] Level 5:colcon.colcon_core.verb:set package 'listener_node' build argument 'catkin_skip_building_tests' from command line to 'False'
[0.156s] DEBUG:colcon.colcon_core.verb:Building package 'listener_node' with the following arguments: {'ament_cmake_args': None, 'build_base': '/ros2_ws/build/listener_node', 'catkin_cmake_args': None, 'catkin_skip_building_tests': False, 'cmake_args': None, 'cmake_clean_cache': False, 'cmake_clean_first': False, 'cmake_force_configure': False, 'cmake_target': None, 'cmake_target_skip_unavailable': False, 'install_base': '/ros2_ws/install/listener_node', 'merge_install': False, 'path': '/ros2_ws/src/listener_node', 'symlink_install': True, 'test_result_base': None}
[0.156s] Level 5:colcon.colcon_core.verb:set package 'talker_node' build argument 'cmake_args' from command line to 'None'
[0.156s] Level 5:colcon.colcon_core.verb:set package 'talker_node' build argument 'cmake_target' from command line to 'None'
[0.156s] Level 5:colcon.colcon_core.verb:set package 'talker_node' build argument 'cmake_target_skip_unavailable' from command line to 'False'
[0.156s] Level 5:colcon.colcon_core.verb:set package 'talker_node' build argument 'cmake_clean_cache' from command line to 'False'
[0.156s] Level 5:colcon.colcon_core.verb:set package 'talker_node' build argument 'cmake_clean_first' from command line to 'False'
[0.156s] Level 5:colcon.colcon_core.verb:set package 'talker_node' build argument 'cmake_force_configure' from command line to 'False'
[0.156s] Level 5:colcon.colcon_core.verb:set package 'talker_node' build argument 'ament_cmake_args' from command line to 'None'
[0.156s] Level 5:colcon.colcon_core.verb:set package 'talker_node' build argument 'catkin_cmake_args' from command line to 'None'
[0.156s] Level 5:colcon.colcon_core.verb:set package 'talker_node' build argument 'catkin_skip_building_tests' from command line to 'False'
[0.156s] DEBUG:colcon.colcon_core.verb:Building package 'talker_node' with the following arguments: {'ament_cmake_args': None, 'build_base': '/ros2_ws/build/talker_node', 'catkin_cmake_args': None, 'catkin_skip_building_tests': False, 'cmake_args': None, 'cmake_clean_cache': False, 'cmake_clean_first': False, 'cmake_force_configure': False, 'cmake_target': None, 'cmake_target_skip_unavailable': False, 'install_base': '/ros2_ws/install/talker_node', 'merge_install': False, 'path': '/ros2_ws/src/talker_node', 'symlink_install': True, 'test_result_base': None}
[0.156s] Level 5:colcon.colcon_core.verb:set package 'turtlebot_node' build argument 'cmake_args' from command line to 'None'
[0.156s] Level 5:colcon.colcon_core.verb:set package 'turtlebot_node' build argument 'cmake_target' from command line to 'None'
[0.156s] Level 5:colcon.colcon_core.verb:set package 'turtlebot_node' build argument 'cmake_target_skip_unavailable' from command line to 'False'
[0.156s] Level 5:colcon.colcon_core.verb:set package 'turtlebot_node' build argument 'cmake_clean_cache' from command line to 'False'
[0.156s] Level 5:colcon.colcon_core.verb:set package 'turtlebot_node' build argument 'cmake_clean_first' from command line to 'False'
[0.156s] Level 5:colcon.colcon_core.verb:set package 'turtlebot_node' build argument 'cmake_force_configure' from command line to 'False'
[0.156s] Level 5:colcon.colcon_core.verb:set package 'turtlebot_node' build argument 'ament_cmake_args' from command line to 'None'
[0.156s] Level 5:colcon.colcon_core.verb:set package 'turtlebot_node' build argument 'catkin_cmake_args' from command line to 'None'
[0.156s] Level 5:colcon.colcon_core.verb:set package 'turtlebot_node' build argument 'catkin_skip_building_tests' from command line to 'False'
[0.156s] DEBUG:colcon.colcon_core.verb:Building package 'turtlebot_node' with the following arguments: {'ament_cmake_args': None, 'build_base': '/ros2_ws/build/turtlebot_node', 'catkin_cmake_args': None, 'catkin_skip_building_tests': False, 'cmake_args': None, 'cmake_clean_cache': False, 'cmake_clean_first': False, 'cmake_force_configure': False, 'cmake_target': None, 'cmake_target_skip_unavailable': False, 'install_base': '/ros2_ws/install/turtlebot_node', 'merge_install': False, 'path': '/ros2_ws/src/turtlebot_node', 'symlink_install': True, 'test_result_base': None}
[0.156s] INFO:colcon.colcon_core.executor:Executing jobs using 'parallel' executor
[0.157s] DEBUG:colcon.colcon_parallel_executor.executor.parallel:run_until_complete
[0.157s] INFO:colcon.colcon_ros.task.ament_python.build:Building ROS package in '/ros2_ws/src/debug_node' with build type 'ament_python'
[0.157s] Level 1:colcon.colcon_core.shell:create_environment_hook('debug_node', 'ament_prefix_path')
[0.160s] INFO:colcon.colcon_core.plugin_system:Skipping extension 'colcon_core.shell.bat': Not used on non-Windows systems
[0.161s] INFO:colcon.colcon_core.shell:Creating environment hook '/ros2_ws/install/debug_node/share/debug_node/hook/ament_prefix_path.ps1'
[0.162s] INFO:colcon.colcon_core.shell:Creating environment descriptor '/ros2_ws/install/debug_node/share/debug_node/hook/ament_prefix_path.dsv'
[0.162s] INFO:colcon.colcon_core.shell:Creating environment hook '/ros2_ws/install/debug_node/share/debug_node/hook/ament_prefix_path.sh'
[0.164s] INFO:colcon.colcon_core.shell:Skip shell extension 'powershell' for command environment: Not usable outside of PowerShell
[0.164s] DEBUG:colcon.colcon_core.shell:Skip shell extension 'dsv' for command environment
[0.170s] INFO:colcon.colcon_ros.task.ament_python.build:Building ROS package in '/ros2_ws/src/gazebo_node' with build type 'ament_python'
[0.170s] Level 1:colcon.colcon_core.shell:create_environment_hook('gazebo_node', 'ament_prefix_path')
[0.170s] INFO:colcon.colcon_core.shell:Creating environment hook '/ros2_ws/install/gazebo_node/share/gazebo_node/hook/ament_prefix_path.ps1'
[0.171s] INFO:colcon.colcon_core.shell:Creating environment descriptor '/ros2_ws/install/gazebo_node/share/gazebo_node/hook/ament_prefix_path.dsv'
[0.171s] INFO:colcon.colcon_core.shell:Creating environment hook '/ros2_ws/install/gazebo_node/share/gazebo_node/hook/ament_prefix_path.sh'
[0.172s] INFO:colcon.colcon_core.shell:Skip shell extension 'powershell' for command environment: Not usable outside of PowerShell
[0.172s] DEBUG:colcon.colcon_core.shell:Skip shell extension 'dsv' for command environment
[0.177s] INFO:colcon.colcon_ros.task.ament_python.build:Building ROS package in '/ros2_ws/src/listener_node' with build type 'ament_python'
[0.177s] Level 1:colcon.colcon_core.shell:create_environment_hook('listener_node', 'ament_prefix_path')
[0.177s] INFO:colcon.colcon_core.shell:Creating environment hook '/ros2_ws/install/listener_node/share/listener_node/hook/ament_prefix_path.ps1'
[0.178s] INFO:colcon.colcon_core.shell:Creating environment descriptor '/ros2_ws/install/listener_node/share/listener_node/hook/ament_prefix_path.dsv'
[0.178s] INFO:colcon.colcon_core.shell:Creating environment hook '/ros2_ws/install/listener_node/share/listener_node/hook/ament_prefix_path.sh'
[0.178s] INFO:colcon.colcon_core.shell:Skip shell extension 'powershell' for command environment: Not usable outside of PowerShell
[0.178s] DEBUG:colcon.colcon_core.shell:Skip shell extension 'dsv' for command environment
[0.180s] INFO:colcon.colcon_ros.task.ament_python.build:Building ROS package in '/ros2_ws/src/talker_node' with build type 'ament_python'
[0.181s] Level 1:colcon.colcon_core.shell:create_environment_hook('talker_node', 'ament_prefix_path')
[0.181s] INFO:colcon.colcon_core.shell:Creating environment hook '/ros2_ws/install/talker_node/share/talker_node/hook/ament_prefix_path.ps1'
[0.181s] INFO:colcon.colcon_core.shell:Creating environment descriptor '/ros2_ws/install/talker_node/share/talker_node/hook/ament_prefix_path.dsv'
[0.181s] INFO:colcon.colcon_core.shell:Creating environment hook '/ros2_ws/install/talker_node/share/talker_node/hook/ament_prefix_path.sh'
[0.182s] INFO:colcon.colcon_core.shell:Skip shell extension 'powershell' for command environment: Not usable outside of PowerShell
[0.182s] DEBUG:colcon.colcon_core.shell:Skip shell extension 'dsv' for command environment
[0.184s] INFO:colcon.colcon_ros.task.ament_python.build:Building ROS package in '/ros2_ws/src/turtlebot_node' with build type 'ament_python'
[0.184s] Level 1:colcon.colcon_core.shell:create_environment_hook('turtlebot_node', 'ament_prefix_path')
[0.184s] INFO:colcon.colcon_core.shell:Creating environment hook '/ros2_ws/install/turtlebot_node/share/turtlebot_node/hook/ament_prefix_path.ps1'
[0.184s] INFO:colcon.colcon_core.shell:Creating environment descriptor '/ros2_ws/install/turtlebot_node/share/turtlebot_node/hook/ament_prefix_path.dsv'
[0.185s] INFO:colcon.colcon_core.shell:Creating environment hook '/ros2_ws/install/turtlebot_node/share/turtlebot_node/hook/ament_prefix_path.sh'
[0.185s] INFO:colcon.colcon_core.shell:Skip shell extension 'powershell' for command environment: Not usable outside of PowerShell
[0.185s] DEBUG:colcon.colcon_core.shell:Skip shell extension 'dsv' for command environment
[0.333s] INFO:colcon.colcon_core.task.python.build:Building Python package in '/ros2_ws/src/debug_node'
[0.334s] INFO:colcon.colcon_core.shell:Skip shell extension 'powershell' for command environment: Not usable outside of PowerShell
[0.334s] DEBUG:colcon.colcon_core.shell:Skip shell extension 'dsv' for command environment
[0.483s] INFO:colcon.colcon_core.task.python.build:Building Python package in '/ros2_ws/src/gazebo_node'
[0.483s] INFO:colcon.colcon_core.shell:Skip shell extension 'powershell' for command environment: Not usable outside of PowerShell
[0.483s] DEBUG:colcon.colcon_core.shell:Skip shell extension 'dsv' for command environment
[0.639s] INFO:colcon.colcon_core.task.python.build:Building Python package in '/ros2_ws/src/listener_node'
[0.640s] INFO:colcon.colcon_core.shell:Skip shell extension 'powershell' for command environment: Not usable outside of PowerShell
[0.640s] DEBUG:colcon.colcon_core.shell:Skip shell extension 'dsv' for command environment
[0.827s] INFO:colcon.colcon_core.task.python.build:Building Python package in '/ros2_ws/src/talker_node'
[0.827s] INFO:colcon.colcon_core.shell:Skip shell extension 'powershell' for command environment: Not usable outside of PowerShell
[0.827s] DEBUG:colcon.colcon_core.shell:Skip shell extension 'dsv' for command environment
[0.984s] INFO:colcon.colcon_core.task.python.build:Building Python package in '/ros2_ws/src/turtlebot_node'
[0.985s] INFO:colcon.colcon_core.shell:Skip shell extension 'powershell' for command environment: Not usable outside of PowerShell
[0.985s] DEBUG:colcon.colcon_core.shell:Skip shell extension 'dsv' for command environment
[1.422s] DEBUG:colcon.colcon_core.event_handler.log_command:Invoking command in '/ros2_ws/build/listener_node': PYTHONPATH=/ros2_ws/build/listener_node/prefix_override:/usr/lib/python3/dist-packages/colcon_core/task/python/colcon_distutils_commands:/ros2_ws/install/listener_node/lib/python3.12/site-packages:${PYTHONPATH} /usr/bin/python3 -W ignore:setup.py install is deprecated -W ignore:easy_install command is deprecated setup.py develop --editable --build-directory /ros2_ws/build/listener_node/build --no-deps symlink_data
[1.428s] DEBUG:colcon.colcon_core.event_handler.log_command:Invoking command in '/ros2_ws/build/debug_node': PYTHONPATH=/ros2_ws/build/debug_node/prefix_override:/usr/lib/python3/dist-packages/colcon_core/task/python/colcon_distutils_commands:/ros2_ws/install/debug_node/lib/python3.12/site-packages:${PYTHONPATH} /usr/bin/python3 -W ignore:setup.py install is deprecated -W ignore:easy_install command is deprecated setup.py develop --editable --build-directory /ros2_ws/build/debug_node/build --no-deps symlink_data
[1.431s] DEBUG:colcon.colcon_core.event_handler.log_command:Invoking command in '/ros2_ws/build/gazebo_node': PYTHONPATH=/ros2_ws/build/gazebo_node/prefix_override:/usr/lib/python3/dist-packages/colcon_core/task/python/colcon_distutils_commands:/ros2_ws/install/gazebo_node/lib/python3.12/site-packages:${PYTHONPATH} /usr/bin/python3 -W ignore:setup.py install is deprecated -W ignore:easy_install command is deprecated setup.py develop --editable --build-directory /ros2_ws/build/gazebo_node/build --no-deps symlink_data
[1.434s] DEBUG:colcon.colcon_core.event_handler.log_command:Invoking command in '/ros2_ws/build/talker_node': PYTHONPATH=/ros2_ws/build/talker_node/prefix_override:/usr/lib/python3/dist-packages/colcon_core/task/python/colcon_distutils_commands:/ros2_ws/install/talker_node/lib/python3.12/site-packages:${PYTHONPATH} /usr/bin/python3 -W ignore:setup.py install is deprecated -W ignore:easy_install command is deprecated setup.py develop --editable --build-directory /ros2_ws/build/talker_node/build --no-deps symlink_data
[1.440s] DEBUG:colcon.colcon_core.event_handler.log_command:Invoking command in '/ros2_ws/build/turtlebot_node': PYTHONPATH=/ros2_ws/build/turtlebot_node/prefix_override:/usr/lib/python3/dist-packages/colcon_core/task/python/colcon_distutils_commands:/ros2_ws/install/turtlebot_node/lib/python3.12/site-packages:${PYTHONPATH} /usr/bin/python3 -W ignore:setup.py install is deprecated -W ignore:easy_install command is deprecated setup.py develop --editable --build-directory /ros2_ws/build/turtlebot_node/build --no-deps symlink_data
[1.895s] Level 1:colcon.colcon_core.shell:create_environment_hook('debug_node', 'pythonpath_develop')
[1.896s] INFO:colcon.colcon_core.shell:Creating environment hook '/ros2_ws/build/debug_node/share/debug_node/hook/pythonpath_develop.ps1'
[1.897s] DEBUG:colcon.colcon_core.event_handler.log_command:Invoked command in '/ros2_ws/build/debug_node' returned '0': PYTHONPATH=/ros2_ws/build/debug_node/prefix_override:/usr/lib/python3/dist-packages/colcon_core/task/python/colcon_distutils_commands:/ros2_ws/install/debug_node/lib/python3.12/site-packages:${PYTHONPATH} /usr/bin/python3 -W ignore:setup.py install is deprecated -W ignore:easy_install command is deprecated setup.py develop --editable --build-directory /ros2_ws/build/debug_node/build --no-deps symlink_data
[1.897s] INFO:colcon.colcon_core.shell:Creating environment descriptor '/ros2_ws/build/debug_node/share/debug_node/hook/pythonpath_develop.dsv'
[1.898s] INFO:colcon.colcon_core.shell:Creating environment hook '/ros2_ws/build/debug_node/share/debug_node/hook/pythonpath_develop.sh'
[1.905s] Level 1:colcon.colcon_core.environment:checking '/ros2_ws/install/debug_node' for CMake module files
[1.906s] Level 1:colcon.colcon_core.environment:checking '/ros2_ws/install/debug_node' for CMake config files
[1.907s] Level 1:colcon.colcon_core.environment:checking '/ros2_ws/install/debug_node/lib'
[1.907s] Level 1:colcon.colcon_core.environment:checking '/ros2_ws/install/debug_node/bin'
[1.907s] Level 1:colcon.colcon_core.environment:checking '/ros2_ws/install/debug_node/lib/pkgconfig/debug_node.pc'
[1.907s] Level 1:colcon.colcon_core.environment:checking '/ros2_ws/install/debug_node/lib/python3.12/site-packages'
[1.907s] Level 1:colcon.colcon_core.shell:create_environment_hook('debug_node', 'pythonpath')
[1.908s] INFO:colcon.colcon_core.shell:Creating environment hook '/ros2_ws/install/debug_node/share/debug_node/hook/pythonpath.ps1'
[1.908s] INFO:colcon.colcon_core.shell:Creating environment descriptor '/ros2_ws/install/debug_node/share/debug_node/hook/pythonpath.dsv'
[1.908s] INFO:colcon.colcon_core.shell:Creating environment hook '/ros2_ws/install/debug_node/share/debug_node/hook/pythonpath.sh'
[1.909s] Level 1:colcon.colcon_core.environment:checking '/ros2_ws/install/debug_node/bin'
[1.909s] Level 1:colcon.colcon_core.environment:create_environment_scripts_only(debug_node)
[1.909s] INFO:colcon.colcon_core.shell:Creating package script '/ros2_ws/install/debug_node/share/debug_node/package.ps1'
[1.910s] INFO:colcon.colcon_core.shell:Creating package descriptor '/ros2_ws/install/debug_node/share/debug_node/package.dsv'
[1.910s] INFO:colcon.colcon_core.shell:Creating package script '/ros2_ws/install/debug_node/share/debug_node/package.sh'
[1.911s] INFO:colcon.colcon_core.shell:Creating package script '/ros2_ws/install/debug_node/share/debug_node/package.bash'
[1.912s] INFO:colcon.colcon_core.shell:Creating package script '/ros2_ws/install/debug_node/share/debug_node/package.zsh'
[1.912s] Level 1:colcon.colcon_core.environment:create_file_with_runtime_dependencies(/ros2_ws/install/debug_node/share/colcon-core/packages/debug_node)
[1.915s] Level 1:colcon.colcon_core.shell:create_environment_hook('gazebo_node', 'pythonpath_develop')
[1.915s] INFO:colcon.colcon_core.shell:Creating environment hook '/ros2_ws/build/gazebo_node/share/gazebo_node/hook/pythonpath_develop.ps1'
[1.916s] DEBUG:colcon.colcon_core.event_handler.log_command:Invoked command in '/ros2_ws/build/gazebo_node' returned '0': PYTHONPATH=/ros2_ws/build/gazebo_node/prefix_override:/usr/lib/python3/dist-packages/colcon_core/task/python/colcon_distutils_commands:/ros2_ws/install/gazebo_node/lib/python3.12/site-packages:${PYTHONPATH} /usr/bin/python3 -W ignore:setup.py install is deprecated -W ignore:easy_install command is deprecated setup.py develop --editable --build-directory /ros2_ws/build/gazebo_node/build --no-deps symlink_data
[1.916s] INFO:colcon.colcon_core.shell:Creating environment descriptor '/ros2_ws/build/gazebo_node/share/gazebo_node/hook/pythonpath_develop.dsv'
[1.916s] INFO:colcon.colcon_core.shell:Creating environment hook '/ros2_ws/build/gazebo_node/share/gazebo_node/hook/pythonpath_develop.sh'
[1.917s] Level 1:colcon.colcon_core.environment:checking '/ros2_ws/install/gazebo_node' for CMake module files
[1.917s] Level 1:colcon.colcon_core.environment:checking '/ros2_ws/install/gazebo_node' for CMake config files
[1.918s] Level 1:colcon.colcon_core.environment:checking '/ros2_ws/install/gazebo_node/lib'
[1.918s] Level 1:colcon.colcon_core.environment:checking '/ros2_ws/install/gazebo_node/bin'
[1.918s] Level 1:colcon.colcon_core.environment:checking '/ros2_ws/install/gazebo_node/lib/pkgconfig/gazebo_node.pc'
[1.918s] Level 1:colcon.colcon_core.environment:checking '/ros2_ws/install/gazebo_node/lib/python3.12/site-packages'
[1.918s] Level 1:colcon.colcon_core.shell:create_environment_hook('gazebo_node', 'pythonpath')
[1.918s] INFO:colcon.colcon_core.shell:Creating environment hook '/ros2_ws/install/gazebo_node/share/gazebo_node/hook/pythonpath.ps1'
[1.919s] INFO:colcon.colcon_core.shell:Creating environment descriptor '/ros2_ws/install/gazebo_node/share/gazebo_node/hook/pythonpath.dsv'
[1.919s] INFO:colcon.colcon_core.shell:Creating environment hook '/ros2_ws/install/gazebo_node/share/gazebo_node/hook/pythonpath.sh'
[1.919s] Level 1:colcon.colcon_core.environment:checking '/ros2_ws/install/gazebo_node/bin'
[1.920s] Level 1:colcon.colcon_core.environment:create_environment_scripts_only(gazebo_node)
[1.920s] INFO:colcon.colcon_core.shell:Creating package script '/ros2_ws/install/gazebo_node/share/gazebo_node/package.ps1'
[1.920s] INFO:colcon.colcon_core.shell:Creating package descriptor '/ros2_ws/install/gazebo_node/share/gazebo_node/package.dsv'
[1.921s] INFO:colcon.colcon_core.shell:Creating package script '/ros2_ws/install/gazebo_node/share/gazebo_node/package.sh'
[1.921s] INFO:colcon.colcon_core.shell:Creating package script '/ros2_ws/install/gazebo_node/share/gazebo_node/package.bash'
[1.921s] INFO:colcon.colcon_core.shell:Creating package script '/ros2_ws/install/gazebo_node/share/gazebo_node/package.zsh'
[1.922s] Level 1:colcon.colcon_core.environment:create_file_with_runtime_dependencies(/ros2_ws/install/gazebo_node/share/colcon-core/packages/gazebo_node)
[1.923s] Level 1:colcon.colcon_core.shell:create_environment_hook('talker_node', 'pythonpath_develop')
[1.923s] INFO:colcon.colcon_core.shell:Creating environment hook '/ros2_ws/build/talker_node/share/talker_node/hook/pythonpath_develop.ps1'
[1.924s] DEBUG:colcon.colcon_core.event_handler.log_command:Invoked command in '/ros2_ws/build/talker_node' returned '0': PYTHONPATH=/ros2_ws/build/talker_node/prefix_override:/usr/lib/python3/dist-packages/colcon_core/task/python/colcon_distutils_commands:/ros2_ws/install/talker_node/lib/python3.12/site-packages:${PYTHONPATH} /usr/bin/python3 -W ignore:setup.py install is deprecated -W ignore:easy_install command is deprecated setup.py develop --editable --build-directory /ros2_ws/build/talker_node/build --no-deps symlink_data
[1.924s] INFO:colcon.colcon_core.shell:Creating environment descriptor '/ros2_ws/build/talker_node/share/talker_node/hook/pythonpath_develop.dsv'
[1.924s] INFO:colcon.colcon_core.shell:Creating environment hook '/ros2_ws/build/talker_node/share/talker_node/hook/pythonpath_develop.sh'
[1.925s] Level 1:colcon.colcon_core.environment:checking '/ros2_ws/install/talker_node' for CMake module files
[1.925s] Level 1:colcon.colcon_core.environment:checking '/ros2_ws/install/talker_node' for CMake config files
[1.926s] Level 1:colcon.colcon_core.environment:checking '/ros2_ws/install/talker_node/lib'
[1.926s] Level 1:colcon.colcon_core.environment:checking '/ros2_ws/install/talker_node/bin'
[1.926s] Level 1:colcon.colcon_core.environment:checking '/ros2_ws/install/talker_node/lib/pkgconfig/talker_node.pc'
[1.926s] Level 1:colcon.colcon_core.environment:checking '/ros2_ws/install/talker_node/lib/python3.12/site-packages'
[1.926s] Level 1:colcon.colcon_core.shell:create_environment_hook('talker_node', 'pythonpath')
[1.926s] INFO:colcon.colcon_core.shell:Creating environment hook '/ros2_ws/install/talker_node/share/talker_node/hook/pythonpath.ps1'
[1.927s] INFO:colcon.colcon_core.shell:Creating environment descriptor '/ros2_ws/install/talker_node/share/talker_node/hook/pythonpath.dsv'
[1.927s] INFO:colcon.colcon_core.shell:Creating environment hook '/ros2_ws/install/talker_node/share/talker_node/hook/pythonpath.sh'
[1.927s] Level 1:colcon.colcon_core.environment:checking '/ros2_ws/install/talker_node/bin'
[1.927s] Level 1:colcon.colcon_core.environment:create_environment_scripts_only(talker_node)
[1.928s] INFO:colcon.colcon_core.shell:Creating package script '/ros2_ws/install/talker_node/share/talker_node/package.ps1'
[1.928s] INFO:colcon.colcon_core.shell:Creating package descriptor '/ros2_ws/install/talker_node/share/talker_node/package.dsv'
[1.928s] INFO:colcon.colcon_core.shell:Creating package script '/ros2_ws/install/talker_node/share/talker_node/package.sh'
[1.928s] INFO:colcon.colcon_core.shell:Creating package script '/ros2_ws/install/talker_node/share/talker_node/package.bash'
[1.929s] INFO:colcon.colcon_core.shell:Creating package script '/ros2_ws/install/talker_node/share/talker_node/package.zsh'
[1.929s] Level 1:colcon.colcon_core.environment:create_file_with_runtime_dependencies(/ros2_ws/install/talker_node/share/colcon-core/packages/talker_node)
[1.929s] Level 1:colcon.colcon_core.shell:create_environment_hook('turtlebot_node', 'pythonpath_develop')
[1.930s] INFO:colcon.colcon_core.shell:Creating environment hook '/ros2_ws/build/turtlebot_node/share/turtlebot_node/hook/pythonpath_develop.ps1'
[1.930s] INFO:colcon.colcon_core.shell:Creating environment descriptor '/ros2_ws/build/turtlebot_node/share/turtlebot_node/hook/pythonpath_develop.dsv'
[1.930s] INFO:colcon.colcon_core.shell:Creating environment hook '/ros2_ws/build/turtlebot_node/share/turtlebot_node/hook/pythonpath_develop.sh'
[1.931s] DEBUG:colcon.colcon_core.event_handler.log_command:Invoked command in '/ros2_ws/build/turtlebot_node' returned '0': PYTHONPATH=/ros2_ws/build/turtlebot_node/prefix_override:/usr/lib/python3/dist-packages/colcon_core/task/python/colcon_distutils_commands:/ros2_ws/install/turtlebot_node/lib/python3.12/site-packages:${PYTHONPATH} /usr/bin/python3 -W ignore:setup.py install is deprecated -W ignore:easy_install command is deprecated setup.py develop --editable --build-directory /ros2_ws/build/turtlebot_node/build --no-deps symlink_data
[1.931s] Level 1:colcon.colcon_core.environment:checking '/ros2_ws/install/turtlebot_node' for CMake module files
[1.931s] Level 1:colcon.colcon_core.environment:checking '/ros2_ws/install/turtlebot_node' for CMake config files
[1.932s] Level 1:colcon.colcon_core.environment:checking '/ros2_ws/install/turtlebot_node/lib'
[1.932s] Level 1:colcon.colcon_core.environment:checking '/ros2_ws/install/turtlebot_node/bin'
[1.932s] Level 1:colcon.colcon_core.environment:checking '/ros2_ws/install/turtlebot_node/lib/pkgconfig/turtlebot_node.pc'
[1.932s] Level 1:colcon.colcon_core.environment:checking '/ros2_ws/install/turtlebot_node/lib/python3.12/site-packages'
[1.932s] Level 1:colcon.colcon_core.shell:create_environment_hook('turtlebot_node', 'pythonpath')
[1.932s] INFO:colcon.colcon_core.shell:Creating environment hook '/ros2_ws/install/turtlebot_node/share/turtlebot_node/hook/pythonpath.ps1'
[1.933s] INFO:colcon.colcon_core.shell:Creating environment descriptor '/ros2_ws/install/turtlebot_node/share/turtlebot_node/hook/pythonpath.dsv'
[1.933s] INFO:colcon.colcon_core.shell:Creating environment hook '/ros2_ws/install/turtlebot_node/share/turtlebot_node/hook/pythonpath.sh'
[1.933s] Level 1:colcon.colcon_core.environment:checking '/ros2_ws/install/turtlebot_node/bin'
[1.933s] Level 1:colcon.colcon_core.environment:create_environment_scripts_only(turtlebot_node)
[1.933s] INFO:colcon.colcon_core.shell:Creating package script '/ros2_ws/install/turtlebot_node/share/turtlebot_node/package.ps1'
[1.934s] INFO:colcon.colcon_core.shell:Creating package descriptor '/ros2_ws/install/turtlebot_node/share/turtlebot_node/package.dsv'
[1.934s] INFO:colcon.colcon_core.shell:Creating package script '/ros2_ws/install/turtlebot_node/share/turtlebot_node/package.sh'
[1.934s] INFO:colcon.colcon_core.shell:Creating package script '/ros2_ws/install/turtlebot_node/share/turtlebot_node/package.bash'
[1.935s] INFO:colcon.colcon_core.shell:Creating package script '/ros2_ws/install/turtlebot_node/share/turtlebot_node/package.zsh'
[1.935s] Level 1:colcon.colcon_core.environment:create_file_with_runtime_dependencies(/ros2_ws/install/turtlebot_node/share/colcon-core/packages/turtlebot_node)
[1.936s] Level 1:colcon.colcon_core.shell:create_environment_hook('listener_node', 'pythonpath_develop')
[1.936s] INFO:colcon.colcon_core.shell:Creating environment hook '/ros2_ws/build/listener_node/share/listener_node/hook/pythonpath_develop.ps1'
[1.936s] DEBUG:colcon.colcon_core.event_handler.log_command:Invoked command in '/ros2_ws/build/listener_node' returned '0': PYTHONPATH=/ros2_ws/build/listener_node/prefix_override:/usr/lib/python3/dist-packages/colcon_core/task/python/colcon_distutils_commands:/ros2_ws/install/listener_node/lib/python3.12/site-packages:${PYTHONPATH} /usr/bin/python3 -W ignore:setup.py install is deprecated -W ignore:easy_install command is deprecated setup.py develop --editable --build-directory /ros2_ws/build/listener_node/build --no-deps symlink_data
[1.936s] INFO:colcon.colcon_core.shell:Creating environment descriptor '/ros2_ws/build/listener_node/share/listener_node/hook/pythonpath_develop.dsv'
[1.937s] INFO:colcon.colcon_core.shell:Creating environment hook '/ros2_ws/build/listener_node/share/listener_node/hook/pythonpath_develop.sh'
[1.937s] Level 1:colcon.colcon_core.environment:checking '/ros2_ws/install/listener_node' for CMake module files
[1.938s] Level 1:colcon.colcon_core.environment:checking '/ros2_ws/install/listener_node' for CMake config files
[1.938s] Level 1:colcon.colcon_core.environment:checking '/ros2_ws/install/listener_node/lib'
[1.938s] Level 1:colcon.colcon_core.environment:checking '/ros2_ws/install/listener_node/bin'
[1.938s] Level 1:colcon.colcon_core.environment:checking '/ros2_ws/install/listener_node/lib/pkgconfig/listener_node.pc'
[1.938s] Level 1:colcon.colcon_core.environment:checking '/ros2_ws/install/listener_node/lib/python3.12/site-packages'
[1.938s] Level 1:colcon.colcon_core.shell:create_environment_hook('listener_node', 'pythonpath')
[1.939s] INFO:colcon.colcon_core.shell:Creating environment hook '/ros2_ws/install/listener_node/share/listener_node/hook/pythonpath.ps1'
[1.939s] INFO:colcon.colcon_core.shell:Creating environment descriptor '/ros2_ws/install/listener_node/share/listener_node/hook/pythonpath.dsv'
[1.939s] INFO:colcon.colcon_core.shell:Creating environment hook '/ros2_ws/install/listener_node/share/listener_node/hook/pythonpath.sh'
[1.939s] Level 1:colcon.colcon_core.environment:checking '/ros2_ws/install/listener_node/bin'
[1.939s] Level 1:colcon.colcon_core.environment:create_environment_scripts_only(listener_node)
[1.940s] INFO:colcon.colcon_core.shell:Creating package script '/ros2_ws/install/listener_node/share/listener_node/package.ps1'
[1.940s] INFO:colcon.colcon_core.shell:Creating package descriptor '/ros2_ws/install/listener_node/share/listener_node/package.dsv'
[1.940s] INFO:colcon.colcon_core.shell:Creating package script '/ros2_ws/install/listener_node/share/listener_node/package.sh'
[1.941s] INFO:colcon.colcon_core.shell:Creating package script '/ros2_ws/install/listener_node/share/listener_node/package.bash'
[1.941s] INFO:colcon.colcon_core.shell:Creating package script '/ros2_ws/install/listener_node/share/listener_node/package.zsh'
[1.941s] Level 1:colcon.colcon_core.environment:create_file_with_runtime_dependencies(/ros2_ws/install/listener_node/share/colcon-core/packages/listener_node)
[1.941s] DEBUG:colcon.colcon_parallel_executor.executor.parallel:closing loop
[1.941s] DEBUG:colcon.colcon_parallel_executor.executor.parallel:loop closed
[1.941s] DEBUG:colcon.colcon_parallel_executor.executor.parallel:run_until_complete finished with '0'
[1.942s] DEBUG:colcon.colcon_core.event_reactor:joining thread
[1.951s] INFO:colcon.colcon_core.plugin_system:Skipping extension 'colcon_notification.desktop_notification.notify_send': Could not find 'notify-send'
[1.951s] INFO:colcon.colcon_core.plugin_system:Skipping extension 'colcon_notification.desktop_notification.terminal_notifier': Not used on non-Darwin systems
[1.951s] INFO:colcon.colcon_core.plugin_system:Skipping extension 'colcon_notification.desktop_notification.win32': Not used on non-Windows systems
[1.952s] INFO:colcon.colcon_notification.desktop_notification:Sending desktop notification using 'notify2'
[1.955s] DEBUG:colcon.colcon_notification.desktop_notification.notify2:Failed to initialize notify2: org.freedesktop.DBus.Error.Spawn.ExecFailed: /usr/bin/dbus-launch terminated abnormally without any error message
[1.955s] DEBUG:colcon.colcon_core.event_reactor:joined thread
[1.956s] INFO:colcon.colcon_core.shell:Creating prefix script '/ros2_ws/install/local_setup.ps1'
[1.958s] INFO:colcon.colcon_core.shell:Creating prefix util module '/ros2_ws/install/_local_setup_util_ps1.py'
[1.960s] INFO:colcon.colcon_core.shell:Creating prefix chain script '/ros2_ws/install/setup.ps1'
[1.961s] INFO:colcon.colcon_core.shell:Creating prefix script '/ros2_ws/install/local_setup.sh'
[1.962s] INFO:colcon.colcon_core.shell:Creating prefix util module '/ros2_ws/install/_local_setup_util_sh.py'
[1.962s] INFO:colcon.colcon_core.shell:Creating prefix chain script '/ros2_ws/install/setup.sh'
[1.963s] INFO:colcon.colcon_core.shell:Creating prefix script '/ros2_ws/install/local_setup.bash'
[1.963s] INFO:colcon.colcon_core.shell:Creating prefix chain script '/ros2_ws/install/setup.bash'
[1.963s] INFO:colcon.colcon_core.shell:Creating prefix script '/ros2_ws/install/local_setup.zsh'
[1.964s] INFO:colcon.colcon_core.shell:Creating prefix chain script '/ros2_ws/install/setup.zsh'
